wrote 1000000 rows into 29 parquet file(s)
write elapsed: 22.159s
source TSV bytes for rows, reference only: 778360762 (742.30 MiB)
parquet physical bytes before page encoding: 712398624 (679.40 MiB)
encoded column bytes before codec compression: 825442338 (787.20 MiB)
compressed column data bytes after codec compression: 86812277 (82.79 MiB)
parquet file bytes: 87711727 (83.65 MiB)
physical/encoded ratio: 0.863x
encoded/compressed-data ratio: 9.508x
physical/compressed-data ratio: 8.206x
physical/parquet-file ratio: 8.122x
max dictionary page size: 256.00 KiB
output dir: encoding_experiment/page-256kib-rgsize-10mib-file-10mib-dictpage-256kib/1000000_rows/parquet/page_encoding_distribution/plain-zstd
result file: encoding_experiment/page-256kib-rgsize-10mib-file-10mib-dictpage-256kib/1000000_rows/results/page_encoding_distribution/configs/2026-07-05_rows-1000000-comp-zstd-3-int-plain-str-plain-date-plain-ts-plain.md
writer stats JSON: encoding_experiment/page-256kib-rgsize-10mib-file-10mib-dictpage-256kib/1000000_rows/results/page_encoding_distribution/stats/plain-zstd_writer-stats.json
verification: passed, 1000000 rows from 29 file(s), 7.527s
columns:
  WatchID: type=int64 configured=plain metadata=PLAIN physical=7.63 MiB encoded=7.63 MiB compressed=7.63 MiB physical/encoded=0.999x encoded/compressed=1.000x physical/compressed=0.999x source-reference=18.12 MiB
  JavaEnable: type=int16 configured=plain metadata=PLAIN physical=3.81 MiB encoded=3.82 MiB compressed=62.15 KiB physical/encoded=0.999x encoded/compressed=62.906x physical/compressed=62.850x source-reference=976.56 KiB
  Title: type=string configured=plain metadata=PLAIN physical=132.00 MiB encoded=136.25 MiB compressed=13.29 MiB physical/encoded=0.969x encoded/compressed=10.250x physical/compressed=9.930x source-reference=132.03 MiB
  GoodEvent: type=int16 configured=plain metadata=PLAIN physical=3.81 MiB encoded=3.82 MiB compressed=4.81 KiB physical/encoded=0.999x encoded/compressed=812.900x physical/compressed=812.183x source-reference=976.56 KiB
  EventTime: type=timestamp_millis configured=plain metadata=PLAIN physical=7.63 MiB encoded=7.63 MiB compressed=2.40 MiB physical/encoded=0.999x encoded/compressed=3.179x physical/compressed=3.177x source-reference=18.12 MiB
  EventDate: type=date configured=plain metadata=PLAIN physical=3.81 MiB encoded=3.82 MiB compressed=4.81 KiB physical/encoded=0.999x encoded/compressed=813.230x physical/compressed=812.513x source-reference=9.54 MiB
  CounterID: type=int32 configured=plain metadata=PLAIN physical=3.81 MiB encoded=3.82 MiB compressed=4.83 KiB physical/encoded=0.999x encoded/compressed=810.267x physical/compressed=809.553x source-reference=1.91 MiB
  ClientIP: type=int32 configured=plain metadata=PLAIN physical=3.81 MiB encoded=3.82 MiB compressed=398.50 KiB physical/encoded=0.999x encoded/compressed=9.811x physical/compressed=9.802x source-reference=9.57 MiB
  RegionID: type=int32 configured=plain metadata=PLAIN physical=3.81 MiB encoded=3.82 MiB compressed=186.69 KiB physical/encoded=0.999x encoded/compressed=20.942x physical/compressed=20.923x source-reference=2.42 MiB
  UserID: type=int64 configured=plain metadata=PLAIN physical=7.63 MiB encoded=7.63 MiB compressed=603.81 KiB physical/encoded=0.999x encoded/compressed=12.946x physical/compressed=12.939x source-reference=17.77 MiB
  CounterClass: type=int16 configured=plain metadata=PLAIN physical=3.81 MiB encoded=3.82 MiB compressed=4.14 KiB physical/encoded=0.999x encoded/compressed=944.229x physical/compressed=943.396x source-reference=976.56 KiB
  OS: type=int16 configured=plain metadata=PLAIN physical=3.81 MiB encoded=3.82 MiB compressed=103.42 KiB physical/encoded=0.999x encoded/compressed=37.804x physical/compressed=37.770x source-reference=1.65 MiB
  UserAgent: type=int16 configured=plain metadata=PLAIN physical=3.81 MiB encoded=3.82 MiB compressed=132.00 KiB physical/encoded=0.999x encoded/compressed=29.619x physical/compressed=29.593x source-reference=1.04 MiB
  URL: type=string configured=plain metadata=PLAIN physical=84.46 MiB encoded=88.36 MiB compressed=14.60 MiB physical/encoded=0.956x encoded/compressed=6.053x physical/compressed=5.786x source-reference=84.46 MiB
  Referer: type=string configured=plain metadata=PLAIN physical=75.90 MiB encoded=79.77 MiB compressed=13.56 MiB physical/encoded=0.951x encoded/compressed=5.883x physical/compressed=5.597x source-reference=75.90 MiB
  IsRefresh: type=int16 configured=plain metadata=PLAIN physical=3.81 MiB encoded=3.82 MiB compressed=174.75 KiB physical/encoded=0.999x encoded/compressed=22.374x physical/compressed=22.354x source-reference=976.56 KiB
  RefererCategoryID: type=int16 configured=plain metadata=PLAIN physical=3.81 MiB encoded=3.82 MiB compressed=268.69 KiB physical/encoded=0.999x encoded/compressed=14.551x physical/compressed=14.538x source-reference=4.42 MiB
  RefererRegionID: type=int32 configured=plain metadata=PLAIN physical=3.81 MiB encoded=3.82 MiB compressed=225.93 KiB physical/encoded=0.999x encoded/compressed=17.305x physical/compressed=17.289x source-reference=2.68 MiB
  URLCategoryID: type=int16 configured=plain metadata=PLAIN physical=3.81 MiB encoded=3.82 MiB compressed=85.52 KiB physical/encoded=0.999x encoded/compressed=45.719x physical/compressed=45.678x source-reference=4.32 MiB
  URLRegionID: type=int32 configured=plain metadata=PLAIN physical=3.81 MiB encoded=3.82 MiB compressed=47.00 KiB physical/encoded=0.999x encoded/compressed=83.193x physical/compressed=83.119x source-reference=2.84 MiB
  ResolutionWidth: type=int16 configured=plain metadata=PLAIN physical=3.81 MiB encoded=3.82 MiB compressed=182.75 KiB physical/encoded=0.999x encoded/compressed=21.393x physical/compressed=21.374x source-reference=3.78 MiB
  ResolutionHeight: type=int16 configured=plain metadata=PLAIN physical=3.81 MiB encoded=3.82 MiB compressed=181.66 KiB physical/encoded=0.999x encoded/compressed=21.522x physical/compressed=21.503x source-reference=3.25 MiB
  ResolutionDepth: type=int16 configured=plain metadata=PLAIN physical=3.81 MiB encoded=3.82 MiB compressed=80.17 KiB physical/encoded=0.999x encoded/compressed=48.771x physical/compressed=48.727x source-reference=1.90 MiB
  FlashMajor: type=int16 configured=plain metadata=PLAIN physical=3.81 MiB encoded=3.82 MiB compressed=52.35 KiB physical/encoded=0.999x encoded/compressed=74.688x physical/compressed=74.621x source-reference=1.83 MiB
  FlashMinor: type=int16 configured=plain metadata=PLAIN physical=3.81 MiB encoded=3.82 MiB compressed=123.79 KiB physical/encoded=0.999x encoded/compressed=31.582x physical/compressed=31.554x source-reference=1.26 MiB
  FlashMinor2: type=string configured=plain metadata=PLAIN physical=3.20 MiB encoded=7.02 MiB compressed=240.76 KiB physical/encoded=0.456x encoded/compressed=29.844x physical/compressed=13.606x source-reference=3.20 MiB
  NetMajor: type=int16 configured=plain metadata=PLAIN physical=3.81 MiB encoded=3.82 MiB compressed=25.53 KiB physical/encoded=0.999x encoded/compressed=153.130x physical/compressed=152.993x source-reference=976.56 KiB
  NetMinor: type=int16 configured=plain metadata=PLAIN physical=3.81 MiB encoded=3.82 MiB compressed=24.33 KiB physical/encoded=0.999x encoded/compressed=160.677x physical/compressed=160.533x source-reference=976.56 KiB
  UserAgentMajor: type=int16 configured=plain metadata=PLAIN physical=3.81 MiB encoded=3.82 MiB compressed=150.58 KiB physical/encoded=0.999x encoded/compressed=25.965x physical/compressed=25.942x source-reference=1.80 MiB
  UserAgentMinor: type=string configured=plain metadata=PLAIN physical=3.59 MiB encoded=7.41 MiB compressed=133.84 KiB physical/encoded=0.485x encoded/compressed=56.701x physical/compressed=27.490x source-reference=3.60 MiB
  CookieEnable: type=int16 configured=plain metadata=PLAIN physical=3.81 MiB encoded=3.82 MiB compressed=5.95 KiB physical/encoded=0.999x encoded/compressed=656.964x physical/compressed=656.383x source-reference=976.56 KiB
  JavascriptEnable: type=int16 configured=plain metadata=PLAIN physical=3.81 MiB encoded=3.82 MiB compressed=6.36 KiB physical/encoded=0.999x encoded/compressed=614.983x physical/compressed=614.439x source-reference=976.56 KiB
  IsMobile: type=int16 configured=plain metadata=PLAIN physical=3.81 MiB encoded=3.82 MiB compressed=28.01 KiB physical/encoded=0.999x encoded/compressed=139.566x physical/compressed=139.441x source-reference=976.56 KiB
  MobilePhone: type=int16 configured=plain metadata=PLAIN physical=3.81 MiB encoded=3.82 MiB compressed=21.99 KiB physical/encoded=0.999x encoded/compressed=177.795x physical/compressed=177.636x source-reference=978.44 KiB
  MobilePhoneModel: type=string configured=plain metadata=PLAIN physical=79.67 KiB encoded=3.90 MiB compressed=22.08 KiB physical/encoded=0.020x encoded/compressed=180.691x physical/compressed=3.609x source-reference=79.67 KiB
  Params: type=string configured=plain metadata=PLAIN physical=0 B encoded=3.82 MiB compressed=2.80 KiB physical/encoded=0.000x encoded/compressed=1393.510x physical/compressed=0.000x source-reference=0 B
  IPNetworkID: type=int32 configured=plain metadata=PLAIN physical=3.81 MiB encoded=3.82 MiB compressed=316.19 KiB physical/encoded=0.999x encoded/compressed=12.365x physical/compressed=12.354x source-reference=6.55 MiB
  TraficSourceID: type=int16 configured=plain metadata=PLAIN physical=3.81 MiB encoded=3.82 MiB compressed=281.57 KiB physical/encoded=0.999x encoded/compressed=13.886x physical/compressed=13.873x source-reference=1.65 MiB
  SearchEngineID: type=int16 configured=plain metadata=PLAIN physical=3.81 MiB encoded=3.82 MiB compressed=99.23 KiB physical/encoded=0.999x encoded/compressed=39.400x physical/compressed=39.365x source-reference=982.98 KiB
  SearchPhrase: type=string configured=plain metadata=PLAIN physical=3.36 MiB encoded=7.19 MiB compressed=703.06 KiB physical/encoded=0.468x encoded/compressed=10.466x physical/compressed=4.901x source-reference=3.36 MiB
  AdvEngineID: type=int16 configured=plain metadata=PLAIN physical=3.81 MiB encoded=3.82 MiB compressed=29.98 KiB physical/encoded=0.999x encoded/compressed=130.427x physical/compressed=130.310x source-reference=981.08 KiB
  IsArtifical: type=int16 configured=plain metadata=PLAIN physical=3.81 MiB encoded=3.82 MiB compressed=161.12 KiB physical/encoded=0.999x encoded/compressed=24.266x physical/compressed=24.244x source-reference=976.56 KiB
  WindowClientWidth: type=int16 configured=plain metadata=PLAIN physical=3.81 MiB encoded=3.82 MiB compressed=298.58 KiB physical/encoded=0.999x encoded/compressed=13.094x physical/compressed=13.083x source-reference=3.65 MiB
  WindowClientHeight: type=int16 configured=plain metadata=PLAIN physical=3.81 MiB encoded=3.82 MiB compressed=312.31 KiB physical/encoded=0.999x encoded/compressed=12.519x physical/compressed=12.508x source-reference=2.91 MiB
  ClientTimeZone: type=int16 configured=plain metadata=PLAIN physical=3.81 MiB encoded=3.82 MiB compressed=97.58 KiB physical/encoded=0.999x encoded/compressed=40.066x physical/compressed=40.030x source-reference=2.85 MiB
  ClientEventTime: type=timestamp_millis configured=plain metadata=PLAIN physical=7.63 MiB encoded=7.63 MiB compressed=2.36 MiB physical/encoded=0.999x encoded/compressed=3.233x physical/compressed=3.231x source-reference=18.12 MiB
  SilverlightVersion1: type=int16 configured=plain metadata=PLAIN physical=3.81 MiB encoded=3.82 MiB compressed=88.48 KiB physical/encoded=0.999x encoded/compressed=44.190x physical/compressed=44.150x source-reference=976.58 KiB
  SilverlightVersion2: type=int16 configured=plain metadata=PLAIN physical=3.81 MiB encoded=3.82 MiB compressed=72.29 KiB physical/encoded=0.999x encoded/compressed=54.082x physical/compressed=54.034x source-reference=976.56 KiB
  SilverlightVersion3: type=int32 configured=plain metadata=PLAIN physical=3.81 MiB encoded=3.82 MiB compressed=120.88 KiB physical/encoded=0.999x encoded/compressed=32.343x physical/compressed=32.314x source-reference=2.60 MiB
  SilverlightVersion4: type=int16 configured=plain metadata=PLAIN physical=3.81 MiB encoded=3.82 MiB compressed=4.27 KiB physical/encoded=0.999x encoded/compressed=916.559x physical/compressed=915.751x source-reference=976.56 KiB
  PageCharset: type=string configured=plain metadata=PLAIN physical=12.96 MiB encoded=16.78 MiB compressed=14.27 KiB physical/encoded=0.772x encoded/compressed=1204.134x physical/compressed=929.911x source-reference=12.96 MiB
  CodeVersion: type=int32 configured=plain metadata=PLAIN physical=3.81 MiB encoded=3.82 MiB compressed=6.90 KiB physical/encoded=0.999x encoded/compressed=566.754x physical/compressed=566.251x source-reference=3.81 MiB
  IsLink: type=int16 configured=plain metadata=PLAIN physical=3.81 MiB encoded=3.82 MiB compressed=55.45 KiB physical/encoded=0.999x encoded/compressed=70.509x physical/compressed=70.446x source-reference=976.56 KiB
  IsDownload: type=int16 configured=plain metadata=PLAIN physical=3.81 MiB encoded=3.82 MiB compressed=7.91 KiB physical/encoded=0.999x encoded/compressed=494.510x physical/compressed=494.071x source-reference=976.56 KiB
  IsNotBounce: type=int16 configured=plain metadata=PLAIN physical=3.81 MiB encoded=3.82 MiB compressed=24.60 KiB physical/encoded=0.999x encoded/compressed=158.915x physical/compressed=158.774x source-reference=976.56 KiB
  FUniqID: type=int64 configured=plain metadata=PLAIN physical=7.63 MiB encoded=7.63 MiB compressed=677.77 KiB physical/encoded=0.999x encoded/compressed=11.533x physical/compressed=11.527x source-reference=17.24 MiB
  OriginalURL: type=string configured=plain metadata=PLAIN physical=26.51 MiB encoded=30.38 MiB compressed=5.08 MiB physical/encoded=0.873x encoded/compressed=5.984x physical/compressed=5.222x source-reference=26.51 MiB
  HID: type=int32 configured=plain metadata=PLAIN physical=3.81 MiB encoded=3.82 MiB compressed=3.67 MiB physical/encoded=0.999x encoded/compressed=1.040x physical/compressed=1.039x source-reference=8.54 MiB
  IsOldCounter: type=int16 configured=plain metadata=PLAIN physical=3.81 MiB encoded=3.82 MiB compressed=4.14 KiB physical/encoded=0.999x encoded/compressed=944.229x physical/compressed=943.396x source-reference=976.56 KiB
  IsEvent: type=int16 configured=plain metadata=PLAIN physical=3.81 MiB encoded=3.82 MiB compressed=4.14 KiB physical/encoded=0.999x encoded/compressed=944.229x physical/compressed=943.396x source-reference=976.56 KiB
  IsParameter: type=int16 configured=plain metadata=PLAIN physical=3.81 MiB encoded=3.82 MiB compressed=4.14 KiB physical/encoded=0.999x encoded/compressed=944.229x physical/compressed=943.396x source-reference=976.56 KiB
  DontCountHits: type=int16 configured=plain metadata=PLAIN physical=3.81 MiB encoded=3.82 MiB compressed=80.62 KiB physical/encoded=0.999x encoded/compressed=48.494x physical/compressed=48.451x source-reference=976.56 KiB
  WithHash: type=int16 configured=plain metadata=PLAIN physical=3.81 MiB encoded=3.82 MiB compressed=4.14 KiB physical/encoded=0.999x encoded/compressed=944.229x physical/compressed=943.396x source-reference=976.56 KiB
  HitColor: type=string configured=plain metadata=PLAIN physical=976.56 KiB encoded=4.77 MiB compressed=28.49 KiB physical/encoded=0.200x encoded/compressed=171.491x physical/compressed=34.278x source-reference=976.56 KiB
  LocalEventTime: type=timestamp_millis configured=plain metadata=PLAIN physical=7.63 MiB encoded=7.63 MiB compressed=2.40 MiB physical/encoded=0.999x encoded/compressed=3.176x physical/compressed=3.174x source-reference=18.12 MiB
  Age: type=int16 configured=plain metadata=PLAIN physical=3.81 MiB encoded=3.82 MiB compressed=139.28 KiB physical/encoded=0.999x encoded/compressed=28.071x physical/compressed=28.046x source-reference=1.66 MiB
  Sex: type=int16 configured=plain metadata=PLAIN physical=3.81 MiB encoded=3.82 MiB compressed=105.45 KiB physical/encoded=0.999x encoded/compressed=37.078x physical/compressed=37.045x source-reference=976.56 KiB
  Income: type=int16 configured=plain metadata=PLAIN physical=3.81 MiB encoded=3.82 MiB compressed=119.80 KiB physical/encoded=0.999x encoded/compressed=32.635x physical/compressed=32.605x source-reference=976.56 KiB
  Interests: type=int16 configured=plain metadata=PLAIN physical=3.81 MiB encoded=3.82 MiB compressed=188.98 KiB physical/encoded=0.999x encoded/compressed=20.688x physical/compressed=20.670x source-reference=2.08 MiB
  Robotness: type=int16 configured=plain metadata=PLAIN physical=3.81 MiB encoded=3.82 MiB compressed=169.63 KiB physical/encoded=0.999x encoded/compressed=23.049x physical/compressed=23.029x source-reference=1.36 MiB
  RemoteIP: type=int32 configured=plain metadata=PLAIN physical=3.81 MiB encoded=3.82 MiB compressed=416.61 KiB physical/encoded=0.999x encoded/compressed=9.385x physical/compressed=9.376x source-reference=9.55 MiB
  WindowName: type=int32 configured=plain metadata=PLAIN physical=3.81 MiB encoded=3.82 MiB compressed=69.16 KiB physical/encoded=0.999x encoded/compressed=56.534x physical/compressed=56.484x source-reference=2.10 MiB
  OpenerName: type=int32 configured=plain metadata=PLAIN physical=3.81 MiB encoded=3.82 MiB compressed=4.14 KiB physical/encoded=0.999x encoded/compressed=944.451x physical/compressed=943.619x source-reference=1.91 MiB
  HistoryLength: type=int16 configured=plain metadata=PLAIN physical=3.81 MiB encoded=3.82 MiB compressed=53.84 KiB physical/encoded=0.999x encoded/compressed=72.611x physical/compressed=72.547x source-reference=1.85 MiB
  BrowserLanguage: type=string configured=plain metadata=PLAIN physical=1.91 MiB encoded=5.73 MiB compressed=31.60 KiB physical/encoded=0.333x encoded/compressed=185.546x physical/compressed=61.840x source-reference=1.91 MiB
  BrowserCountry: type=string configured=plain metadata=PLAIN physical=3.17 MiB encoded=6.99 MiB compressed=119.36 KiB physical/encoded=0.454x encoded/compressed=59.961x physical/compressed=27.206x source-reference=3.80 MiB
  SocialNetwork: type=string configured=plain metadata=PLAIN physical=0 B encoded=3.82 MiB compressed=2.80 KiB physical/encoded=0.000x encoded/compressed=1393.510x physical/compressed=0.000x source-reference=0 B
  SocialAction: type=string configured=plain metadata=PLAIN physical=0 B encoded=3.82 MiB compressed=2.80 KiB physical/encoded=0.000x encoded/compressed=1393.510x physical/compressed=0.000x source-reference=0 B
  HTTPError: type=int16 configured=plain metadata=PLAIN physical=3.81 MiB encoded=3.82 MiB compressed=4.14 KiB physical/encoded=0.999x encoded/compressed=944.229x physical/compressed=943.396x source-reference=976.56 KiB
  SendTiming: type=int32 configured=plain metadata=PLAIN physical=3.81 MiB encoded=3.82 MiB compressed=60.00 KiB physical/encoded=0.999x encoded/compressed=65.157x physical/compressed=65.100x source-reference=1011.59 KiB
  DNSTiming: type=int32 configured=plain metadata=PLAIN physical=3.81 MiB encoded=3.82 MiB compressed=132.39 KiB physical/encoded=0.999x encoded/compressed=29.533x physical/compressed=29.506x source-reference=1002.88 KiB
  ConnectTiming: type=int32 configured=plain metadata=PLAIN physical=3.81 MiB encoded=3.82 MiB compressed=325.50 KiB physical/encoded=0.999x encoded/compressed=12.011x physical/compressed=12.001x source-reference=1.09 MiB
  ResponseStartTiming: type=int32 configured=plain metadata=PLAIN physical=3.81 MiB encoded=3.82 MiB compressed=1.19 MiB physical/encoded=0.999x encoded/compressed=3.213x physical/compressed=3.211x source-reference=2.18 MiB
  ResponseEndTiming: type=int32 configured=plain metadata=PLAIN physical=3.81 MiB encoded=3.82 MiB compressed=915.80 KiB physical/encoded=0.999x encoded/compressed=4.269x physical/compressed=4.265x source-reference=1.50 MiB
  FetchTiming: type=int32 configured=plain metadata=PLAIN physical=3.81 MiB encoded=3.82 MiB compressed=536.93 KiB physical/encoded=0.999x encoded/compressed=7.282x physical/compressed=7.275x source-reference=1.21 MiB
  SocialSourceNetworkID: type=int16 configured=plain metadata=PLAIN physical=3.81 MiB encoded=3.82 MiB compressed=5.19 KiB physical/encoded=0.999x encoded/compressed=752.826x physical/compressed=752.162x source-reference=976.62 KiB
  SocialSourcePage: type=string configured=plain metadata=PLAIN physical=1.00 KiB encoded=3.82 MiB compressed=4.74 KiB physical/encoded=0.000x encoded/compressed=824.545x physical/compressed=0.211x source-reference=1.00 KiB
  ParamPrice: type=int64 configured=plain metadata=PLAIN physical=7.63 MiB encoded=7.63 MiB compressed=5.59 KiB physical/encoded=0.999x encoded/compressed=1398.155x physical/compressed=1397.380x source-reference=976.56 KiB
  ParamOrderID: type=string configured=plain metadata=PLAIN physical=0 B encoded=3.82 MiB compressed=2.80 KiB physical/encoded=0.000x encoded/compressed=1393.510x physical/compressed=0.000x source-reference=0 B
  ParamCurrency: type=string configured=plain metadata=PLAIN physical=2.86 MiB encoded=6.68 MiB compressed=5.14 KiB physical/encoded=0.428x encoded/compressed=1331.173x physical/compressed=570.234x source-reference=2.86 MiB
  ParamCurrencyID: type=int16 configured=plain metadata=PLAIN physical=3.81 MiB encoded=3.82 MiB compressed=4.14 KiB physical/encoded=0.999x encoded/compressed=944.229x physical/compressed=943.396x source-reference=976.56 KiB
  OpenstatServiceName: type=string configured=plain metadata=PLAIN physical=56.67 KiB encoded=3.87 MiB compressed=18.78 KiB physical/encoded=0.014x encoded/compressed=211.238x physical/compressed=3.017x source-reference=56.67 KiB
  OpenstatCampaignID: type=string configured=plain metadata=PLAIN physical=21.53 KiB encoded=3.84 MiB compressed=16.15 KiB physical/encoded=0.005x encoded/compressed=243.357x physical/compressed=1.333x source-reference=21.53 KiB
  OpenstatAdID: type=string configured=plain metadata=PLAIN physical=24.85 KiB encoded=3.84 MiB compressed=18.58 KiB physical/encoded=0.006x encoded/compressed=211.769x physical/compressed=1.337x source-reference=24.85 KiB
  OpenstatSourceID: type=string configured=plain metadata=PLAIN physical=47.06 KiB encoded=3.86 MiB compressed=13.01 KiB physical/encoded=0.012x encoded/compressed=304.140x physical/compressed=3.617x source-reference=47.06 KiB
  UTMSource: type=string configured=plain metadata=PLAIN physical=48.27 KiB encoded=3.87 MiB compressed=20.54 KiB physical/encoded=0.012x encoded/compressed=192.707x physical/compressed=2.350x source-reference=48.27 KiB
  UTMMedium: type=string configured=plain metadata=PLAIN physical=16.48 KiB encoded=3.83 MiB compressed=16.59 KiB physical/encoded=0.004x encoded/compressed=236.662x physical/compressed=0.993x source-reference=16.48 KiB
  UTMCampaign: type=string configured=plain metadata=PLAIN physical=89.72 KiB encoded=3.91 MiB compressed=29.16 KiB physical/encoded=0.022x encoded/compressed=137.231x physical/compressed=3.077x source-reference=89.72 KiB
  UTMContent: type=string configured=plain metadata=PLAIN physical=12.70 KiB encoded=3.83 MiB compressed=13.64 KiB physical/encoded=0.003x encoded/compressed=287.594x physical/compressed=0.931x source-reference=12.70 KiB
  UTMTerm: type=string configured=plain metadata=PLAIN physical=27.44 KiB encoded=3.85 MiB compressed=15.36 KiB physical/encoded=0.007x encoded/compressed=256.407x physical/compressed=1.787x source-reference=27.44 KiB
  FromTag: type=string configured=plain metadata=PLAIN physical=44.54 KiB encoded=3.86 MiB compressed=27.71 KiB physical/encoded=0.011x encoded/compressed=142.686x physical/compressed=1.607x source-reference=44.54 KiB
  HasGCLID: type=int16 configured=plain metadata=PLAIN physical=3.81 MiB encoded=3.82 MiB compressed=20.69 KiB physical/encoded=0.999x encoded/compressed=188.972x physical/compressed=188.804x source-reference=976.56 KiB
  RefererHash: type=int64 configured=plain metadata=PLAIN physical=7.63 MiB encoded=7.63 MiB compressed=2.71 MiB physical/encoded=0.999x encoded/compressed=2.817x physical/compressed=2.815x source-reference=18.45 MiB
  URLHash: type=int64 configured=plain metadata=PLAIN physical=7.63 MiB encoded=7.63 MiB compressed=3.41 MiB physical/encoded=0.999x encoded/compressed=2.236x physical/compressed=2.234x source-reference=18.45 MiB
  CLID: type=int32 configured=plain metadata=PLAIN physical=3.81 MiB encoded=3.82 MiB compressed=5.51 KiB physical/encoded=0.999x encoded/compressed=709.722x physical/compressed=709.094x source-reference=976.93 KiB
  encoding_experiment/page-256kib-rgsize-10mib-file-10mib-dictpage-256kib/1000000_rows/parquet/page_encoding_distribution/plain-zstd/part-00000.parquet: 35889 rows, file=2.71 MiB, physical=26.58 MiB, encoded=30.46 MiB, compressed-data=2.68 MiB
  encoding_experiment/page-256kib-rgsize-10mib-file-10mib-dictpage-256kib/1000000_rows/parquet/page_encoding_distribution/plain-zstd/part-00001.parquet: 35984 rows, file=2.66 MiB, physical=26.36 MiB, encoded=30.26 MiB, compressed-data=2.63 MiB
  encoding_experiment/page-256kib-rgsize-10mib-file-10mib-dictpage-256kib/1000000_rows/parquet/page_encoding_distribution/plain-zstd/part-00002.parquet: 35875 rows, file=2.70 MiB, physical=26.79 MiB, encoded=30.68 MiB, compressed-data=2.67 MiB
  encoding_experiment/page-256kib-rgsize-10mib-file-10mib-dictpage-256kib/1000000_rows/parquet/page_encoding_distribution/plain-zstd/part-00003.parquet: 36277 rows, file=2.67 MiB, physical=26.78 MiB, encoded=30.70 MiB, compressed-data=2.64 MiB
  encoding_experiment/page-256kib-rgsize-10mib-file-10mib-dictpage-256kib/1000000_rows/parquet/page_encoding_distribution/plain-zstd/part-00004.parquet: 35612 rows, file=2.64 MiB, physical=26.42 MiB, encoded=30.28 MiB, compressed-data=2.61 MiB
  encoding_experiment/page-256kib-rgsize-10mib-file-10mib-dictpage-256kib/1000000_rows/parquet/page_encoding_distribution/plain-zstd/part-00005.parquet: 36089 rows, file=2.65 MiB, physical=26.38 MiB, encoded=30.29 MiB, compressed-data=2.62 MiB
  encoding_experiment/page-256kib-rgsize-10mib-file-10mib-dictpage-256kib/1000000_rows/parquet/page_encoding_distribution/plain-zstd/part-00006.parquet: 36248 rows, file=2.69 MiB, physical=26.76 MiB, encoded=30.68 MiB, compressed-data=2.66 MiB
  encoding_experiment/page-256kib-rgsize-10mib-file-10mib-dictpage-256kib/1000000_rows/parquet/page_encoding_distribution/plain-zstd/part-00007.parquet: 36246 rows, file=2.70 MiB, physical=26.76 MiB, encoded=30.68 MiB, compressed-data=2.67 MiB
  encoding_experiment/page-256kib-rgsize-10mib-file-10mib-dictpage-256kib/1000000_rows/parquet/page_encoding_distribution/plain-zstd/part-00008.parquet: 36295 rows, file=2.64 MiB, physical=26.80 MiB, encoded=30.73 MiB, compressed-data=2.61 MiB
  encoding_experiment/page-256kib-rgsize-10mib-file-10mib-dictpage-256kib/1000000_rows/parquet/page_encoding_distribution/plain-zstd/part-00009.parquet: 35881 rows, file=2.66 MiB, physical=26.39 MiB, encoded=30.27 MiB, compressed-data=2.63 MiB
  encoding_experiment/page-256kib-rgsize-10mib-file-10mib-dictpage-256kib/1000000_rows/parquet/page_encoding_distribution/plain-zstd/part-00010.parquet: 36424 rows, file=2.65 MiB, physical=26.77 MiB, encoded=30.71 MiB, compressed-data=2.62 MiB
  encoding_experiment/page-256kib-rgsize-10mib-file-10mib-dictpage-256kib/1000000_rows/parquet/page_encoding_distribution/plain-zstd/part-00011.parquet: 36019 rows, file=2.60 MiB, physical=26.45 MiB, encoded=30.35 MiB, compressed-data=2.57 MiB
  encoding_experiment/page-256kib-rgsize-10mib-file-10mib-dictpage-256kib/1000000_rows/parquet/page_encoding_distribution/plain-zstd/part-00012.parquet: 36350 rows, file=2.66 MiB, physical=26.57 MiB, encoded=30.50 MiB, compressed-data=2.63 MiB
  encoding_experiment/page-256kib-rgsize-10mib-file-10mib-dictpage-256kib/1000000_rows/parquet/page_encoding_distribution/plain-zstd/part-00013.parquet: 36240 rows, file=2.68 MiB, physical=26.76 MiB, encoded=30.68 MiB, compressed-data=2.65 MiB
  encoding_experiment/page-256kib-rgsize-10mib-file-10mib-dictpage-256kib/1000000_rows/parquet/page_encoding_distribution/plain-zstd/part-00014.parquet: 35149 rows, file=3.07 MiB, physical=23.17 MiB, encoded=26.96 MiB, compressed-data=3.04 MiB
  encoding_experiment/page-256kib-rgsize-10mib-file-10mib-dictpage-256kib/1000000_rows/parquet/page_encoding_distribution/plain-zstd/part-00015.parquet: 36069 rows, file=3.25 MiB, physical=24.04 MiB, encoded=27.92 MiB, compressed-data=3.22 MiB
  encoding_experiment/page-256kib-rgsize-10mib-file-10mib-dictpage-256kib/1000000_rows/parquet/page_encoding_distribution/plain-zstd/part-00016.parquet: 35325 rows, file=3.27 MiB, physical=22.15 MiB, encoded=25.95 MiB, compressed-data=3.24 MiB
  encoding_experiment/page-256kib-rgsize-10mib-file-10mib-dictpage-256kib/1000000_rows/parquet/page_encoding_distribution/plain-zstd/part-00017.parquet: 34862 rows, file=3.29 MiB, physical=21.45 MiB, encoded=25.20 MiB, compressed-data=3.27 MiB
  encoding_experiment/page-256kib-rgsize-10mib-file-10mib-dictpage-256kib/1000000_rows/parquet/page_encoding_distribution/plain-zstd/part-00018.parquet: 34371 rows, file=3.38 MiB, physical=21.38 MiB, encoded=25.07 MiB, compressed-data=3.35 MiB
  encoding_experiment/page-256kib-rgsize-10mib-file-10mib-dictpage-256kib/1000000_rows/parquet/page_encoding_distribution/plain-zstd/part-00019.parquet: 34982 rows, file=3.27 MiB, physical=21.23 MiB, encoded=24.98 MiB, compressed-data=3.24 MiB
  encoding_experiment/page-256kib-rgsize-10mib-file-10mib-dictpage-256kib/1000000_rows/parquet/page_encoding_distribution/plain-zstd/part-00020.parquet: 34541 rows, file=3.33 MiB, physical=21.18 MiB, encoded=24.89 MiB, compressed-data=3.30 MiB
  encoding_experiment/page-256kib-rgsize-10mib-file-10mib-dictpage-256kib/1000000_rows/parquet/page_encoding_distribution/plain-zstd/part-00021.parquet: 35110 rows, file=3.28 MiB, physical=21.40 MiB, encoded=25.17 MiB, compressed-data=3.25 MiB
  encoding_experiment/page-256kib-rgsize-10mib-file-10mib-dictpage-256kib/1000000_rows/parquet/page_encoding_distribution/plain-zstd/part-00022.parquet: 34847 rows, file=3.30 MiB, physical=21.41 MiB, encoded=25.15 MiB, compressed-data=3.27 MiB
  encoding_experiment/page-256kib-rgsize-10mib-file-10mib-dictpage-256kib/1000000_rows/parquet/page_encoding_distribution/plain-zstd/part-00023.parquet: 34665 rows, file=3.34 MiB, physical=21.37 MiB, encoded=25.09 MiB, compressed-data=3.32 MiB
  encoding_experiment/page-256kib-rgsize-10mib-file-10mib-dictpage-256kib/1000000_rows/parquet/page_encoding_distribution/plain-zstd/part-00024.parquet: 35257 rows, file=3.28 MiB, physical=21.36 MiB, encoded=25.14 MiB, compressed-data=3.25 MiB
  encoding_experiment/page-256kib-rgsize-10mib-file-10mib-dictpage-256kib/1000000_rows/parquet/page_encoding_distribution/plain-zstd/part-00025.parquet: 34867 rows, file=3.29 MiB, physical=21.20 MiB, encoded=24.94 MiB, compressed-data=3.26 MiB
  encoding_experiment/page-256kib-rgsize-10mib-file-10mib-dictpage-256kib/1000000_rows/parquet/page_encoding_distribution/plain-zstd/part-00026.parquet: 35306 rows, file=3.27 MiB, physical=21.41 MiB, encoded=25.20 MiB, compressed-data=3.24 MiB
  encoding_experiment/page-256kib-rgsize-10mib-file-10mib-dictpage-256kib/1000000_rows/parquet/page_encoding_distribution/plain-zstd/part-00027.parquet: 35237 rows, file=3.32 MiB, physical=21.58 MiB, encoded=25.37 MiB, compressed-data=3.29 MiB
  encoding_experiment/page-256kib-rgsize-10mib-file-10mib-dictpage-256kib/1000000_rows/parquet/page_encoding_distribution/plain-zstd/part-00028.parquet: 3983 rows, file=392.62 KiB, physical=2.48 MiB, encoded=2.91 MiB, compressed-data=377.24 KiB
