wrote 1000000 rows into 31 parquet file(s)
write elapsed: 22.081s
source TSV bytes for rows, reference only: 778360762 (742.30 MiB)
parquet physical bytes before page encoding: 712398624 (679.40 MiB)
encoded column bytes before codec compression: 825475951 (787.24 MiB)
compressed column data bytes after codec compression: 134316393 (128.09 MiB)
parquet file bytes: 135277383 (129.01 MiB)
physical/encoded ratio: 0.863x
encoded/compressed-data ratio: 6.146x
physical/compressed-data ratio: 5.304x
physical/parquet-file ratio: 5.266x
max dictionary page size: 256.00 KiB
output dir: encoding_experiment/page-256kib-rgsize-10mib-file-10mib-dictpage-256kib/1000000_rows/parquet/page_encoding_distribution/plain-snappy
result file: encoding_experiment/page-256kib-rgsize-10mib-file-10mib-dictpage-256kib/1000000_rows/results/page_encoding_distribution/configs/2026-07-05_rows-1000000-comp-snappy-int-plain-str-plain-date-plain-ts-plain.md
writer stats JSON: encoding_experiment/page-256kib-rgsize-10mib-file-10mib-dictpage-256kib/1000000_rows/results/page_encoding_distribution/stats/plain-snappy_writer-stats.json
verification: passed, 1000000 rows from 31 file(s), 7.039s
columns:
  WatchID: type=int64 configured=plain metadata=PLAIN physical=7.63 MiB encoded=7.63 MiB compressed=7.63 MiB physical/encoded=0.999x encoded/compressed=1.000x physical/compressed=0.999x source-reference=18.12 MiB
  JavaEnable: type=int16 configured=plain metadata=PLAIN physical=3.81 MiB encoded=3.82 MiB compressed=255.93 KiB physical/encoded=0.999x encoded/compressed=15.278x physical/compressed=15.263x source-reference=976.56 KiB
  Title: type=string configured=plain metadata=PLAIN physical=132.00 MiB encoded=136.26 MiB compressed=19.94 MiB physical/encoded=0.969x encoded/compressed=6.834x physical/compressed=6.621x source-reference=132.03 MiB
  GoodEvent: type=int16 configured=plain metadata=PLAIN physical=3.81 MiB encoded=3.82 MiB compressed=199.59 KiB physical/encoded=0.999x encoded/compressed=19.590x physical/compressed=19.571x source-reference=976.56 KiB
  EventTime: type=timestamp_millis configured=plain metadata=PLAIN physical=7.63 MiB encoded=7.63 MiB compressed=4.08 MiB physical/encoded=0.999x encoded/compressed=1.869x physical/compressed=1.868x source-reference=18.12 MiB
  EventDate: type=date configured=plain metadata=PLAIN physical=3.81 MiB encoded=3.82 MiB compressed=199.59 KiB physical/encoded=0.999x encoded/compressed=19.591x physical/compressed=19.572x source-reference=9.54 MiB
  CounterID: type=int32 configured=plain metadata=PLAIN physical=3.81 MiB encoded=3.82 MiB compressed=199.61 KiB physical/encoded=0.999x encoded/compressed=19.588x physical/compressed=19.570x source-reference=1.91 MiB
  ClientIP: type=int32 configured=plain metadata=PLAIN physical=3.81 MiB encoded=3.82 MiB compressed=702.62 KiB physical/encoded=0.999x encoded/compressed=5.565x physical/compressed=5.560x source-reference=9.57 MiB
  RegionID: type=int32 configured=plain metadata=PLAIN physical=3.81 MiB encoded=3.82 MiB compressed=387.48 KiB physical/encoded=0.999x encoded/compressed=10.091x physical/compressed=10.081x source-reference=2.42 MiB
  UserID: type=int64 configured=plain metadata=PLAIN physical=7.63 MiB encoded=7.63 MiB compressed=1.03 MiB physical/encoded=0.999x encoded/compressed=7.378x physical/compressed=7.374x source-reference=17.77 MiB
  CounterClass: type=int16 configured=plain metadata=PLAIN physical=3.81 MiB encoded=3.82 MiB compressed=199.43 KiB physical/encoded=0.999x encoded/compressed=19.606x physical/compressed=19.587x source-reference=976.56 KiB
  OS: type=int16 configured=plain metadata=PLAIN physical=3.81 MiB encoded=3.82 MiB compressed=310.65 KiB physical/encoded=0.999x encoded/compressed=12.586x physical/compressed=12.574x source-reference=1.65 MiB
  UserAgent: type=int16 configured=plain metadata=PLAIN physical=3.81 MiB encoded=3.82 MiB compressed=334.18 KiB physical/encoded=0.999x encoded/compressed=11.700x physical/compressed=11.689x source-reference=1.04 MiB
  URL: type=string configured=plain metadata=PLAIN physical=84.46 MiB encoded=88.36 MiB compressed=19.53 MiB physical/encoded=0.956x encoded/compressed=4.524x physical/compressed=4.324x source-reference=84.46 MiB
  Referer: type=string configured=plain metadata=PLAIN physical=75.90 MiB encoded=79.77 MiB compressed=18.17 MiB physical/encoded=0.951x encoded/compressed=4.391x physical/compressed=4.178x source-reference=75.90 MiB
  IsRefresh: type=int16 configured=plain metadata=PLAIN physical=3.81 MiB encoded=3.82 MiB compressed=480.50 KiB physical/encoded=0.999x encoded/compressed=8.137x physical/compressed=8.129x source-reference=976.56 KiB
  RefererCategoryID: type=int16 configured=plain metadata=PLAIN physical=3.81 MiB encoded=3.82 MiB compressed=497.08 KiB physical/encoded=0.999x encoded/compressed=7.866x physical/compressed=7.858x source-reference=4.42 MiB
  RefererRegionID: type=int32 configured=plain metadata=PLAIN physical=3.81 MiB encoded=3.82 MiB compressed=447.39 KiB physical/encoded=0.999x encoded/compressed=8.740x physical/compressed=8.731x source-reference=2.68 MiB
  URLCategoryID: type=int16 configured=plain metadata=PLAIN physical=3.81 MiB encoded=3.82 MiB compressed=265.66 KiB physical/encoded=0.999x encoded/compressed=14.718x physical/compressed=14.704x source-reference=4.32 MiB
  URLRegionID: type=int32 configured=plain metadata=PLAIN physical=3.81 MiB encoded=3.82 MiB compressed=226.79 KiB physical/encoded=0.999x encoded/compressed=17.240x physical/compressed=17.224x source-reference=2.84 MiB
  ResolutionWidth: type=int16 configured=plain metadata=PLAIN physical=3.81 MiB encoded=3.82 MiB compressed=364.73 KiB physical/encoded=0.999x encoded/compressed=10.720x physical/compressed=10.710x source-reference=3.78 MiB
  ResolutionHeight: type=int16 configured=plain metadata=PLAIN physical=3.81 MiB encoded=3.82 MiB compressed=364.50 KiB physical/encoded=0.999x encoded/compressed=10.727x physical/compressed=10.717x source-reference=3.25 MiB
  ResolutionDepth: type=int16 configured=plain metadata=PLAIN physical=3.81 MiB encoded=3.82 MiB compressed=276.42 KiB physical/encoded=0.999x encoded/compressed=14.145x physical/compressed=14.132x source-reference=1.90 MiB
  FlashMajor: type=int16 configured=plain metadata=PLAIN physical=3.81 MiB encoded=3.82 MiB compressed=239.58 KiB physical/encoded=0.999x encoded/compressed=16.320x physical/compressed=16.305x source-reference=1.83 MiB
  FlashMinor: type=int16 configured=plain metadata=PLAIN physical=3.81 MiB encoded=3.82 MiB compressed=320.76 KiB physical/encoded=0.999x encoded/compressed=12.190x physical/compressed=12.178x source-reference=1.26 MiB
  FlashMinor2: type=string configured=plain metadata=PLAIN physical=3.20 MiB encoded=7.02 MiB compressed=524.24 KiB physical/encoded=0.456x encoded/compressed=13.707x physical/compressed=6.249x source-reference=3.20 MiB
  NetMajor: type=int16 configured=plain metadata=PLAIN physical=3.81 MiB encoded=3.82 MiB compressed=214.08 KiB physical/encoded=0.999x encoded/compressed=18.264x physical/compressed=18.247x source-reference=976.56 KiB
  NetMinor: type=int16 configured=plain metadata=PLAIN physical=3.81 MiB encoded=3.82 MiB compressed=212.28 KiB physical/encoded=0.999x encoded/compressed=18.419x physical/compressed=18.402x source-reference=976.56 KiB
  UserAgentMajor: type=int16 configured=plain metadata=PLAIN physical=3.81 MiB encoded=3.82 MiB compressed=356.62 KiB physical/encoded=0.999x encoded/compressed=10.964x physical/compressed=10.954x source-reference=1.80 MiB
  UserAgentMinor: type=string configured=plain metadata=PLAIN physical=3.59 MiB encoded=7.41 MiB compressed=456.21 KiB physical/encoded=0.485x encoded/compressed=16.635x physical/compressed=8.065x source-reference=3.60 MiB
  CookieEnable: type=int16 configured=plain metadata=PLAIN physical=3.81 MiB encoded=3.82 MiB compressed=200.08 KiB physical/encoded=0.999x encoded/compressed=19.542x physical/compressed=19.523x source-reference=976.56 KiB
  JavascriptEnable: type=int16 configured=plain metadata=PLAIN physical=3.81 MiB encoded=3.82 MiB compressed=200.17 KiB physical/encoded=0.999x encoded/compressed=19.534x physical/compressed=19.515x source-reference=976.56 KiB
  IsMobile: type=int16 configured=plain metadata=PLAIN physical=3.81 MiB encoded=3.82 MiB compressed=213.39 KiB physical/encoded=0.999x encoded/compressed=18.323x physical/compressed=18.306x source-reference=976.56 KiB
  MobilePhone: type=int16 configured=plain metadata=PLAIN physical=3.81 MiB encoded=3.82 MiB compressed=210.38 KiB physical/encoded=0.999x encoded/compressed=18.585x physical/compressed=18.567x source-reference=978.44 KiB
  MobilePhoneModel: type=string configured=plain metadata=PLAIN physical=79.67 KiB encoded=3.90 MiB compressed=214.88 KiB physical/encoded=0.020x encoded/compressed=18.566x physical/compressed=0.371x source-reference=79.67 KiB
  Params: type=string configured=plain metadata=PLAIN physical=0 B encoded=3.82 MiB compressed=198.00 KiB physical/encoded=0.000x encoded/compressed=19.740x physical/compressed=0.000x source-reference=0 B
  IPNetworkID: type=int32 configured=plain metadata=PLAIN physical=3.81 MiB encoded=3.82 MiB compressed=547.97 KiB physical/encoded=0.999x encoded/compressed=7.135x physical/compressed=7.129x source-reference=6.55 MiB
  TraficSourceID: type=int16 configured=plain metadata=PLAIN physical=3.81 MiB encoded=3.82 MiB compressed=514.52 KiB physical/encoded=0.999x encoded/compressed=7.599x physical/compressed=7.592x source-reference=1.65 MiB
  SearchEngineID: type=int16 configured=plain metadata=PLAIN physical=3.81 MiB encoded=3.82 MiB compressed=286.31 KiB physical/encoded=0.999x encoded/compressed=13.657x physical/compressed=13.644x source-reference=982.98 KiB
  SearchPhrase: type=string configured=plain metadata=PLAIN physical=3.36 MiB encoded=7.19 MiB compressed=1.05 MiB physical/encoded=0.468x encoded/compressed=6.863x physical/compressed=3.213x source-reference=3.36 MiB
  AdvEngineID: type=int16 configured=plain metadata=PLAIN physical=3.81 MiB encoded=3.82 MiB compressed=215.20 KiB physical/encoded=0.999x encoded/compressed=18.169x physical/compressed=18.152x source-reference=981.08 KiB
  IsArtifical: type=int16 configured=plain metadata=PLAIN physical=3.81 MiB encoded=3.82 MiB compressed=494.01 KiB physical/encoded=0.999x encoded/compressed=7.915x physical/compressed=7.907x source-reference=976.56 KiB
  WindowClientWidth: type=int16 configured=plain metadata=PLAIN physical=3.81 MiB encoded=3.82 MiB compressed=504.60 KiB physical/encoded=0.999x encoded/compressed=7.749x physical/compressed=7.741x source-reference=3.65 MiB
  WindowClientHeight: type=int16 configured=plain metadata=PLAIN physical=3.81 MiB encoded=3.82 MiB compressed=538.96 KiB physical/encoded=0.999x encoded/compressed=7.255x physical/compressed=7.248x source-reference=2.91 MiB
  ClientTimeZone: type=int16 configured=plain metadata=PLAIN physical=3.81 MiB encoded=3.82 MiB compressed=279.12 KiB physical/encoded=0.999x encoded/compressed=14.009x physical/compressed=13.995x source-reference=2.85 MiB
  ClientEventTime: type=timestamp_millis configured=plain metadata=PLAIN physical=7.63 MiB encoded=7.63 MiB compressed=4.03 MiB physical/encoded=0.999x encoded/compressed=1.893x physical/compressed=1.892x source-reference=18.12 MiB
  SilverlightVersion1: type=int16 configured=plain metadata=PLAIN physical=3.81 MiB encoded=3.82 MiB compressed=280.56 KiB physical/encoded=0.999x encoded/compressed=13.936x physical/compressed=13.923x source-reference=976.58 KiB
  SilverlightVersion2: type=int16 configured=plain metadata=PLAIN physical=3.81 MiB encoded=3.82 MiB compressed=263.49 KiB physical/encoded=0.999x encoded/compressed=14.839x physical/compressed=14.825x source-reference=976.56 KiB
  SilverlightVersion3: type=int32 configured=plain metadata=PLAIN physical=3.81 MiB encoded=3.82 MiB compressed=297.79 KiB physical/encoded=0.999x encoded/compressed=13.130x physical/compressed=13.118x source-reference=2.60 MiB
  SilverlightVersion4: type=int16 configured=plain metadata=PLAIN physical=3.81 MiB encoded=3.82 MiB compressed=199.47 KiB physical/encoded=0.999x encoded/compressed=19.602x physical/compressed=19.584x source-reference=976.56 KiB
  PageCharset: type=string configured=plain metadata=PLAIN physical=12.96 MiB encoded=16.78 MiB compressed=903.04 KiB physical/encoded=0.772x encoded/compressed=19.028x physical/compressed=14.694x source-reference=12.96 MiB
  CodeVersion: type=int32 configured=plain metadata=PLAIN physical=3.81 MiB encoded=3.82 MiB compressed=200.41 KiB physical/encoded=0.999x encoded/compressed=19.510x physical/compressed=19.492x source-reference=3.81 MiB
  IsLink: type=int16 configured=plain metadata=PLAIN physical=3.81 MiB encoded=3.82 MiB compressed=250.54 KiB physical/encoded=0.999x encoded/compressed=15.606x physical/compressed=15.591x source-reference=976.56 KiB
  IsDownload: type=int16 configured=plain metadata=PLAIN physical=3.81 MiB encoded=3.82 MiB compressed=201.85 KiB physical/encoded=0.999x encoded/compressed=19.371x physical/compressed=19.352x source-reference=976.56 KiB
  IsNotBounce: type=int16 configured=plain metadata=PLAIN physical=3.81 MiB encoded=3.82 MiB compressed=229.93 KiB physical/encoded=0.999x encoded/compressed=17.006x physical/compressed=16.989x source-reference=976.56 KiB
  FUniqID: type=int64 configured=plain metadata=PLAIN physical=7.63 MiB encoded=7.63 MiB compressed=1.10 MiB physical/encoded=0.999x encoded/compressed=6.951x physical/compressed=6.947x source-reference=17.24 MiB
  OriginalURL: type=string configured=plain metadata=PLAIN physical=26.51 MiB encoded=30.38 MiB compressed=6.71 MiB physical/encoded=0.873x encoded/compressed=4.527x physical/compressed=3.950x source-reference=26.51 MiB
  HID: type=int32 configured=plain metadata=PLAIN physical=3.81 MiB encoded=3.82 MiB compressed=3.52 MiB physical/encoded=0.999x encoded/compressed=1.086x physical/compressed=1.085x source-reference=8.54 MiB
  IsOldCounter: type=int16 configured=plain metadata=PLAIN physical=3.81 MiB encoded=3.82 MiB compressed=199.43 KiB physical/encoded=0.999x encoded/compressed=19.606x physical/compressed=19.587x source-reference=976.56 KiB
  IsEvent: type=int16 configured=plain metadata=PLAIN physical=3.81 MiB encoded=3.82 MiB compressed=199.43 KiB physical/encoded=0.999x encoded/compressed=19.606x physical/compressed=19.587x source-reference=976.56 KiB
  IsParameter: type=int16 configured=plain metadata=PLAIN physical=3.81 MiB encoded=3.82 MiB compressed=199.43 KiB physical/encoded=0.999x encoded/compressed=19.606x physical/compressed=19.587x source-reference=976.56 KiB
  DontCountHits: type=int16 configured=plain metadata=PLAIN physical=3.81 MiB encoded=3.82 MiB compressed=288.78 KiB physical/encoded=0.999x encoded/compressed=13.540x physical/compressed=13.527x source-reference=976.56 KiB
  WithHash: type=int16 configured=plain metadata=PLAIN physical=3.81 MiB encoded=3.82 MiB compressed=199.43 KiB physical/encoded=0.999x encoded/compressed=19.606x physical/compressed=19.587x source-reference=976.56 KiB
  HitColor: type=string configured=plain metadata=PLAIN physical=976.56 KiB encoded=4.77 MiB compressed=287.51 KiB physical/encoded=0.200x encoded/compressed=16.994x physical/compressed=3.397x source-reference=976.56 KiB
  LocalEventTime: type=timestamp_millis configured=plain metadata=PLAIN physical=7.63 MiB encoded=7.63 MiB compressed=4.09 MiB physical/encoded=0.999x encoded/compressed=1.868x physical/compressed=1.867x source-reference=18.12 MiB
  Age: type=int16 configured=plain metadata=PLAIN physical=3.81 MiB encoded=3.82 MiB compressed=326.16 KiB physical/encoded=0.999x encoded/compressed=11.988x physical/compressed=11.976x source-reference=1.66 MiB
  Sex: type=int16 configured=plain metadata=PLAIN physical=3.81 MiB encoded=3.82 MiB compressed=295.58 KiB physical/encoded=0.999x encoded/compressed=13.228x physical/compressed=13.216x source-reference=976.56 KiB
  Income: type=int16 configured=plain metadata=PLAIN physical=3.81 MiB encoded=3.82 MiB compressed=310.82 KiB physical/encoded=0.999x encoded/compressed=12.579x physical/compressed=12.567x source-reference=976.56 KiB
  Interests: type=int16 configured=plain metadata=PLAIN physical=3.81 MiB encoded=3.82 MiB compressed=376.63 KiB physical/encoded=0.999x encoded/compressed=10.381x physical/compressed=10.371x source-reference=2.08 MiB
  Robotness: type=int16 configured=plain metadata=PLAIN physical=3.81 MiB encoded=3.82 MiB compressed=372.94 KiB physical/encoded=0.999x encoded/compressed=10.484x physical/compressed=10.474x source-reference=1.36 MiB
  RemoteIP: type=int32 configured=plain metadata=PLAIN physical=3.81 MiB encoded=3.82 MiB compressed=691.04 KiB physical/encoded=0.999x encoded/compressed=5.658x physical/compressed=5.653x source-reference=9.55 MiB
  WindowName: type=int32 configured=plain metadata=PLAIN physical=3.81 MiB encoded=3.82 MiB compressed=288.39 KiB physical/encoded=0.999x encoded/compressed=13.558x physical/compressed=13.545x source-reference=2.10 MiB
  OpenerName: type=int32 configured=plain metadata=PLAIN physical=3.81 MiB encoded=3.82 MiB compressed=199.42 KiB physical/encoded=0.999x encoded/compressed=19.606x physical/compressed=19.588x source-reference=1.91 MiB
  HistoryLength: type=int16 configured=plain metadata=PLAIN physical=3.81 MiB encoded=3.82 MiB compressed=252.27 KiB physical/encoded=0.999x encoded/compressed=15.499x physical/compressed=15.484x source-reference=1.85 MiB
  BrowserLanguage: type=string configured=plain metadata=PLAIN physical=1.91 MiB encoded=5.73 MiB compressed=313.78 KiB physical/encoded=0.333x encoded/compressed=18.688x physical/compressed=6.228x source-reference=1.91 MiB
  BrowserCountry: type=string configured=plain metadata=PLAIN physical=3.17 MiB encoded=6.99 MiB compressed=446.47 KiB physical/encoded=0.454x encoded/compressed=16.030x physical/compressed=7.273x source-reference=3.80 MiB
  SocialNetwork: type=string configured=plain metadata=PLAIN physical=0 B encoded=3.82 MiB compressed=198.00 KiB physical/encoded=0.000x encoded/compressed=19.740x physical/compressed=0.000x source-reference=0 B
  SocialAction: type=string configured=plain metadata=PLAIN physical=0 B encoded=3.82 MiB compressed=198.00 KiB physical/encoded=0.000x encoded/compressed=19.740x physical/compressed=0.000x source-reference=0 B
  HTTPError: type=int16 configured=plain metadata=PLAIN physical=3.81 MiB encoded=3.82 MiB compressed=199.43 KiB physical/encoded=0.999x encoded/compressed=19.606x physical/compressed=19.587x source-reference=976.56 KiB
  SendTiming: type=int32 configured=plain metadata=PLAIN physical=3.81 MiB encoded=3.82 MiB compressed=263.01 KiB physical/encoded=0.999x encoded/compressed=14.866x physical/compressed=14.852x source-reference=1011.59 KiB
  DNSTiming: type=int32 configured=plain metadata=PLAIN physical=3.81 MiB encoded=3.82 MiB compressed=319.55 KiB physical/encoded=0.999x encoded/compressed=12.236x physical/compressed=12.224x source-reference=1002.88 KiB
  ConnectTiming: type=int32 configured=plain metadata=PLAIN physical=3.81 MiB encoded=3.82 MiB compressed=551.68 KiB physical/encoded=0.999x encoded/compressed=7.088x physical/compressed=7.081x source-reference=1.09 MiB
  ResponseStartTiming: type=int32 configured=plain metadata=PLAIN physical=3.81 MiB encoded=3.82 MiB compressed=1.65 MiB physical/encoded=0.999x encoded/compressed=2.319x physical/compressed=2.316x source-reference=2.18 MiB
  ResponseEndTiming: type=int32 configured=plain metadata=PLAIN physical=3.81 MiB encoded=3.82 MiB compressed=1.22 MiB physical/encoded=0.999x encoded/compressed=3.121x physical/compressed=3.118x source-reference=1.50 MiB
  FetchTiming: type=int32 configured=plain metadata=PLAIN physical=3.81 MiB encoded=3.82 MiB compressed=790.79 KiB physical/encoded=0.999x encoded/compressed=4.945x physical/compressed=4.940x source-reference=1.21 MiB
  SocialSourceNetworkID: type=int16 configured=plain metadata=PLAIN physical=3.81 MiB encoded=3.82 MiB compressed=199.80 KiB physical/encoded=0.999x encoded/compressed=19.570x physical/compressed=19.551x source-reference=976.62 KiB
  SocialSourcePage: type=string configured=plain metadata=PLAIN physical=1.00 KiB encoded=3.82 MiB compressed=199.49 KiB physical/encoded=0.000x encoded/compressed=19.601x physical/compressed=0.005x source-reference=1.00 KiB
  ParamPrice: type=int64 configured=plain metadata=PLAIN physical=7.63 MiB encoded=7.63 MiB compressed=395.69 KiB physical/encoded=0.999x encoded/compressed=19.756x physical/compressed=19.744x source-reference=976.56 KiB
  ParamOrderID: type=string configured=plain metadata=PLAIN physical=0 B encoded=3.82 MiB compressed=198.00 KiB physical/encoded=0.000x encoded/compressed=19.740x physical/compressed=0.000x source-reference=0 B
  ParamCurrency: type=string configured=plain metadata=PLAIN physical=2.86 MiB encoded=6.68 MiB compressed=346.02 KiB physical/encoded=0.428x encoded/compressed=19.766x physical/compressed=8.467x source-reference=2.86 MiB
  ParamCurrencyID: type=int16 configured=plain metadata=PLAIN physical=3.81 MiB encoded=3.82 MiB compressed=199.43 KiB physical/encoded=0.999x encoded/compressed=19.606x physical/compressed=19.587x source-reference=976.56 KiB
  OpenstatServiceName: type=string configured=plain metadata=PLAIN physical=56.67 KiB encoded=3.87 MiB compressed=213.41 KiB physical/encoded=0.014x encoded/compressed=18.592x physical/compressed=0.266x source-reference=56.67 KiB
  OpenstatCampaignID: type=string configured=plain metadata=PLAIN physical=21.53 KiB encoded=3.84 MiB compressed=209.72 KiB physical/encoded=0.005x encoded/compressed=18.747x physical/compressed=0.103x source-reference=21.53 KiB
  OpenstatAdID: type=string configured=plain metadata=PLAIN physical=24.85 KiB encoded=3.84 MiB compressed=214.02 KiB physical/encoded=0.006x encoded/compressed=18.386x physical/compressed=0.116x source-reference=24.85 KiB
  OpenstatSourceID: type=string configured=plain metadata=PLAIN physical=47.06 KiB encoded=3.86 MiB compressed=209.35 KiB physical/encoded=0.012x encoded/compressed=18.902x physical/compressed=0.225x source-reference=47.06 KiB
  UTMSource: type=string configured=plain metadata=PLAIN physical=48.27 KiB encoded=3.87 MiB compressed=214.01 KiB physical/encoded=0.012x encoded/compressed=18.497x physical/compressed=0.226x source-reference=48.27 KiB
  UTMMedium: type=string configured=plain metadata=PLAIN physical=16.48 KiB encoded=3.83 MiB compressed=209.37 KiB physical/encoded=0.004x encoded/compressed=18.751x physical/compressed=0.079x source-reference=16.48 KiB
  UTMCampaign: type=string configured=plain metadata=PLAIN physical=89.72 KiB encoded=3.91 MiB compressed=225.02 KiB physical/encoded=0.022x encoded/compressed=17.785x physical/compressed=0.399x source-reference=89.72 KiB
  UTMContent: type=string configured=plain metadata=PLAIN physical=12.70 KiB encoded=3.83 MiB compressed=207.26 KiB physical/encoded=0.003x encoded/compressed=18.926x physical/compressed=0.061x source-reference=12.70 KiB
  UTMTerm: type=string configured=plain metadata=PLAIN physical=27.44 KiB encoded=3.85 MiB compressed=209.55 KiB physical/encoded=0.007x encoded/compressed=18.795x physical/compressed=0.131x source-reference=27.44 KiB
  FromTag: type=string configured=plain metadata=PLAIN physical=44.54 KiB encoded=3.86 MiB compressed=216.46 KiB physical/encoded=0.011x encoded/compressed=18.265x physical/compressed=0.206x source-reference=44.54 KiB
  HasGCLID: type=int16 configured=plain metadata=PLAIN physical=3.81 MiB encoded=3.82 MiB compressed=208.60 KiB physical/encoded=0.999x encoded/compressed=18.744x physical/compressed=18.726x source-reference=976.56 KiB
  RefererHash: type=int64 configured=plain metadata=PLAIN physical=7.63 MiB encoded=7.63 MiB compressed=3.47 MiB physical/encoded=0.999x encoded/compressed=2.198x physical/compressed=2.197x source-reference=18.45 MiB
  URLHash: type=int64 configured=plain metadata=PLAIN physical=7.63 MiB encoded=7.63 MiB compressed=4.18 MiB physical/encoded=0.999x encoded/compressed=1.824x physical/compressed=1.823x source-reference=18.45 MiB
  CLID: type=int32 configured=plain metadata=PLAIN physical=3.81 MiB encoded=3.82 MiB compressed=199.87 KiB physical/encoded=0.999x encoded/compressed=19.563x physical/compressed=19.544x source-reference=976.93 KiB
  encoding_experiment/page-256kib-rgsize-10mib-file-10mib-dictpage-256kib/1000000_rows/parquet/page_encoding_distribution/plain-snappy/part-00000.parquet: 33077 rows, file=4.11 MiB, physical=24.50 MiB, encoded=28.07 MiB, compressed-data=4.08 MiB
  encoding_experiment/page-256kib-rgsize-10mib-file-10mib-dictpage-256kib/1000000_rows/parquet/page_encoding_distribution/plain-snappy/part-00001.parquet: 33115 rows, file=4.06 MiB, physical=24.29 MiB, encoded=27.88 MiB, compressed-data=4.03 MiB
  encoding_experiment/page-256kib-rgsize-10mib-file-10mib-dictpage-256kib/1000000_rows/parquet/page_encoding_distribution/plain-snappy/part-00002.parquet: 32648 rows, file=4.05 MiB, physical=24.38 MiB, encoded=27.92 MiB, compressed-data=4.02 MiB
  encoding_experiment/page-256kib-rgsize-10mib-file-10mib-dictpage-256kib/1000000_rows/parquet/page_encoding_distribution/plain-snappy/part-00003.parquet: 32902 rows, file=4.05 MiB, physical=24.33 MiB, encoded=27.89 MiB, compressed-data=4.02 MiB
  encoding_experiment/page-256kib-rgsize-10mib-file-10mib-dictpage-256kib/1000000_rows/parquet/page_encoding_distribution/plain-snappy/part-00004.parquet: 33129 rows, file=4.07 MiB, physical=24.53 MiB, encoded=28.11 MiB, compressed-data=4.04 MiB
  encoding_experiment/page-256kib-rgsize-10mib-file-10mib-dictpage-256kib/1000000_rows/parquet/page_encoding_distribution/plain-snappy/part-00005.parquet: 33357 rows, file=4.03 MiB, physical=24.54 MiB, encoded=28.15 MiB, compressed-data=4.00 MiB
  encoding_experiment/page-256kib-rgsize-10mib-file-10mib-dictpage-256kib/1000000_rows/parquet/page_encoding_distribution/plain-snappy/part-00006.parquet: 32904 rows, file=4.02 MiB, physical=24.15 MiB, encoded=27.71 MiB, compressed-data=3.99 MiB
  encoding_experiment/page-256kib-rgsize-10mib-file-10mib-dictpage-256kib/1000000_rows/parquet/page_encoding_distribution/plain-snappy/part-00007.parquet: 33157 rows, file=4.06 MiB, physical=24.54 MiB, encoded=28.13 MiB, compressed-data=4.03 MiB
  encoding_experiment/page-256kib-rgsize-10mib-file-10mib-dictpage-256kib/1000000_rows/parquet/page_encoding_distribution/plain-snappy/part-00008.parquet: 32977 rows, file=4.02 MiB, physical=24.35 MiB, encoded=27.91 MiB, compressed-data=3.99 MiB
  encoding_experiment/page-256kib-rgsize-10mib-file-10mib-dictpage-256kib/1000000_rows/parquet/page_encoding_distribution/plain-snappy/part-00009.parquet: 33113 rows, file=4.01 MiB, physical=24.36 MiB, encoded=27.94 MiB, compressed-data=3.98 MiB
  encoding_experiment/page-256kib-rgsize-10mib-file-10mib-dictpage-256kib/1000000_rows/parquet/page_encoding_distribution/plain-snappy/part-00010.parquet: 33045 rows, file=4.04 MiB, physical=24.33 MiB, encoded=27.91 MiB, compressed-data=4.01 MiB
  encoding_experiment/page-256kib-rgsize-10mib-file-10mib-dictpage-256kib/1000000_rows/parquet/page_encoding_distribution/plain-snappy/part-00011.parquet: 33006 rows, file=3.97 MiB, physical=24.20 MiB, encoded=27.77 MiB, compressed-data=3.94 MiB
  encoding_experiment/page-256kib-rgsize-10mib-file-10mib-dictpage-256kib/1000000_rows/parquet/page_encoding_distribution/plain-snappy/part-00012.parquet: 33174 rows, file=3.99 MiB, physical=24.38 MiB, encoded=27.97 MiB, compressed-data=3.96 MiB
  encoding_experiment/page-256kib-rgsize-10mib-file-10mib-dictpage-256kib/1000000_rows/parquet/page_encoding_distribution/plain-snappy/part-00013.parquet: 33200 rows, file=4.04 MiB, physical=24.35 MiB, encoded=27.94 MiB, compressed-data=4.01 MiB
  encoding_experiment/page-256kib-rgsize-10mib-file-10mib-dictpage-256kib/1000000_rows/parquet/page_encoding_distribution/plain-snappy/part-00014.parquet: 32780 rows, file=3.96 MiB, physical=24.03 MiB, encoded=27.57 MiB, compressed-data=3.93 MiB
  encoding_experiment/page-256kib-rgsize-10mib-file-10mib-dictpage-256kib/1000000_rows/parquet/page_encoding_distribution/plain-snappy/part-00015.parquet: 33304 rows, file=4.31 MiB, physical=22.91 MiB, encoded=26.50 MiB, compressed-data=4.28 MiB
  encoding_experiment/page-256kib-rgsize-10mib-file-10mib-dictpage-256kib/1000000_rows/parquet/page_encoding_distribution/plain-snappy/part-00016.parquet: 33251 rows, file=4.45 MiB, physical=21.82 MiB, encoded=25.39 MiB, compressed-data=4.42 MiB
  encoding_experiment/page-256kib-rgsize-10mib-file-10mib-dictpage-256kib/1000000_rows/parquet/page_encoding_distribution/plain-snappy/part-00017.parquet: 32291 rows, file=4.46 MiB, physical=21.37 MiB, encoded=24.85 MiB, compressed-data=4.43 MiB
  encoding_experiment/page-256kib-rgsize-10mib-file-10mib-dictpage-256kib/1000000_rows/parquet/page_encoding_distribution/plain-snappy/part-00018.parquet: 33151 rows, file=4.44 MiB, physical=20.07 MiB, encoded=23.63 MiB, compressed-data=4.41 MiB
  encoding_experiment/page-256kib-rgsize-10mib-file-10mib-dictpage-256kib/1000000_rows/parquet/page_encoding_distribution/plain-snappy/part-00019.parquet: 32633 rows, file=4.51 MiB, physical=20.22 MiB, encoded=23.72 MiB, compressed-data=4.48 MiB
  encoding_experiment/page-256kib-rgsize-10mib-file-10mib-dictpage-256kib/1000000_rows/parquet/page_encoding_distribution/plain-snappy/part-00020.parquet: 32184 rows, file=4.47 MiB, physical=19.79 MiB, encoded=23.24 MiB, compressed-data=4.44 MiB
  encoding_experiment/page-256kib-rgsize-10mib-file-10mib-dictpage-256kib/1000000_rows/parquet/page_encoding_distribution/plain-snappy/part-00021.parquet: 33056 rows, file=4.52 MiB, physical=20.17 MiB, encoded=23.72 MiB, compressed-data=4.49 MiB
  encoding_experiment/page-256kib-rgsize-10mib-file-10mib-dictpage-256kib/1000000_rows/parquet/page_encoding_distribution/plain-snappy/part-00022.parquet: 32763 rows, file=4.53 MiB, physical=20.15 MiB, encoded=23.67 MiB, compressed-data=4.50 MiB
  encoding_experiment/page-256kib-rgsize-10mib-file-10mib-dictpage-256kib/1000000_rows/parquet/page_encoding_distribution/plain-snappy/part-00023.parquet: 32960 rows, file=4.49 MiB, physical=20.24 MiB, encoded=23.78 MiB, compressed-data=4.46 MiB
  encoding_experiment/page-256kib-rgsize-10mib-file-10mib-dictpage-256kib/1000000_rows/parquet/page_encoding_distribution/plain-snappy/part-00024.parquet: 32788 rows, file=4.48 MiB, physical=20.06 MiB, encoded=23.58 MiB, compressed-data=4.45 MiB
  encoding_experiment/page-256kib-rgsize-10mib-file-10mib-dictpage-256kib/1000000_rows/parquet/page_encoding_distribution/plain-snappy/part-00025.parquet: 32791 rows, file=4.53 MiB, physical=20.16 MiB, encoded=23.68 MiB, compressed-data=4.50 MiB
  encoding_experiment/page-256kib-rgsize-10mib-file-10mib-dictpage-256kib/1000000_rows/parquet/page_encoding_distribution/plain-snappy/part-00026.parquet: 32995 rows, file=4.44 MiB, physical=20.00 MiB, encoded=23.54 MiB, compressed-data=4.41 MiB
  encoding_experiment/page-256kib-rgsize-10mib-file-10mib-dictpage-256kib/1000000_rows/parquet/page_encoding_distribution/plain-snappy/part-00027.parquet: 32922 rows, file=4.47 MiB, physical=20.03 MiB, encoded=23.57 MiB, compressed-data=4.44 MiB
  encoding_experiment/page-256kib-rgsize-10mib-file-10mib-dictpage-256kib/1000000_rows/parquet/page_encoding_distribution/plain-snappy/part-00028.parquet: 32920 rows, file=4.44 MiB, physical=20.05 MiB, encoded=23.58 MiB, compressed-data=4.41 MiB
  encoding_experiment/page-256kib-rgsize-10mib-file-10mib-dictpage-256kib/1000000_rows/parquet/page_encoding_distribution/plain-snappy/part-00029.parquet: 32881 rows, file=4.43 MiB, physical=19.98 MiB, encoded=23.52 MiB, compressed-data=4.40 MiB
  encoding_experiment/page-256kib-rgsize-10mib-file-10mib-dictpage-256kib/1000000_rows/parquet/page_encoding_distribution/plain-snappy/part-00030.parquet: 11526 rows, file=1.58 MiB, physical=7.13 MiB, encoded=8.37 MiB, compressed-data=1.56 MiB
