wrote 1000000 rows into 31 parquet file(s)
write elapsed: 27.775s
source TSV bytes for rows, reference only: 778360762 (742.30 MiB)
parquet physical bytes before page encoding: 712398624 (679.40 MiB)
encoded column bytes before codec compression: 194639975 (185.62 MiB)
compressed column data bytes after codec compression: 102485767 (97.74 MiB)
parquet file bytes: 103457977 (98.67 MiB)
physical/encoded ratio: 3.660x
encoded/compressed-data ratio: 1.899x
physical/compressed-data ratio: 6.951x
physical/parquet-file ratio: 6.886x
max dictionary page size: 256.00 KiB
output dir: encoding_experiment/page-256kib-rgsize-10mib-file-10mib-dictpage-256kib/1000000_rows/parquet/page_encoding_distribution/rle-dict-snappy
result file: encoding_experiment/page-256kib-rgsize-10mib-file-10mib-dictpage-256kib/1000000_rows/results/page_encoding_distribution/configs/2026-07-05_rows-1000000-comp-snappy-int-rle-dict-str-rle-dict-date-rle-dict-ts-rle-dict.md
writer stats JSON: encoding_experiment/page-256kib-rgsize-10mib-file-10mib-dictpage-256kib/1000000_rows/results/page_encoding_distribution/stats/rle-dict-snappy_writer-stats.json
verification: passed, 1000000 rows from 31 file(s), 6.683s
columns:
  WatchID: type=int64 configured=rle-dict metadata=PLAIN, RLE_DICTIONARY physical=7.63 MiB encoded=9.37 MiB compressed=9.37 MiB physical/encoded=0.814x encoded/compressed=1.000x physical/compressed=0.814x source-reference=18.12 MiB
  JavaEnable: type=int16 configured=rle-dict metadata=PLAIN, RLE_DICTIONARY physical=3.81 MiB encoded=78.37 KiB compressed=68.09 KiB physical/encoded=49.842x encoded/compressed=1.151x physical/compressed=57.372x source-reference=976.56 KiB
  Title: type=string configured=rle-dict metadata=PLAIN, RLE_DICTIONARY physical=132.00 MiB encoded=27.50 MiB compressed=9.54 MiB physical/encoded=4.799x encoded/compressed=2.882x physical/compressed=13.833x source-reference=132.03 MiB
  GoodEvent: type=int16 configured=rle-dict metadata=PLAIN, RLE_DICTIONARY physical=3.81 MiB encoded=5.18 KiB compressed=5.41 KiB physical/encoded=754.717x encoded/compressed=0.956x physical/compressed=721.501x source-reference=976.56 KiB
  EventTime: type=timestamp_millis configured=rle-dict metadata=PLAIN, RLE_DICTIONARY physical=7.63 MiB encoded=7.03 MiB compressed=5.28 MiB physical/encoded=1.086x encoded/compressed=1.330x physical/compressed=1.444x source-reference=18.12 MiB
  EventDate: type=date configured=rle-dict metadata=PLAIN, RLE_DICTIONARY physical=3.81 MiB encoded=5.18 KiB compressed=5.41 KiB physical/encoded=754.717x encoded/compressed=0.956x physical/compressed=721.501x source-reference=9.54 MiB
  CounterID: type=int32 configured=rle-dict metadata=PLAIN, RLE_DICTIONARY physical=3.81 MiB encoded=5.20 KiB compressed=5.44 KiB physical/encoded=750.751x encoded/compressed=0.956x physical/compressed=717.875x source-reference=1.91 MiB
  ClientIP: type=int32 configured=rle-dict metadata=PLAIN, RLE_DICTIONARY physical=3.81 MiB encoded=917.53 KiB compressed=813.48 KiB physical/encoded=4.257x encoded/compressed=1.128x physical/compressed=4.802x source-reference=9.57 MiB
  RegionID: type=int32 configured=rle-dict metadata=PLAIN, RLE_DICTIONARY physical=3.81 MiB encoded=427.51 KiB compressed=283.21 KiB physical/encoded=9.137x encoded/compressed=1.510x physical/compressed=13.793x source-reference=2.42 MiB
  UserID: type=int64 configured=rle-dict metadata=PLAIN, RLE_DICTIONARY physical=7.63 MiB encoded=1.17 MiB compressed=1.07 MiB physical/encoded=6.514x encoded/compressed=1.091x physical/compressed=7.105x source-reference=17.77 MiB
  CounterClass: type=int16 configured=rle-dict metadata=PLAIN, RLE_DICTIONARY physical=3.81 MiB encoded=5.18 KiB compressed=5.41 KiB physical/encoded=754.717x encoded/compressed=0.956x physical/compressed=721.501x source-reference=976.56 KiB
  OS: type=int16 configured=rle-dict metadata=PLAIN, RLE_DICTIONARY physical=3.81 MiB encoded=225.28 KiB compressed=146.61 KiB physical/encoded=17.340x encoded/compressed=1.537x physical/compressed=26.643x source-reference=1.65 MiB
  UserAgent: type=int16 configured=rle-dict metadata=PLAIN, RLE_DICTIONARY physical=3.81 MiB encoded=218.85 KiB compressed=161.88 KiB physical/encoded=17.849x encoded/compressed=1.352x physical/compressed=24.130x source-reference=1.04 MiB
  URL: type=string configured=rle-dict metadata=PLAIN, RLE_DICTIONARY physical=84.46 MiB encoded=42.05 MiB compressed=15.35 MiB physical/encoded=2.008x encoded/compressed=2.739x physical/compressed=5.502x source-reference=84.46 MiB
  Referer: type=string configured=rle-dict metadata=PLAIN, RLE_DICTIONARY physical=75.90 MiB encoded=32.82 MiB compressed=14.12 MiB physical/encoded=2.312x encoded/compressed=2.324x physical/compressed=5.375x source-reference=75.90 MiB
  IsRefresh: type=int16 configured=rle-dict metadata=PLAIN, RLE_DICTIONARY physical=3.81 MiB encoded=90.68 KiB compressed=86.98 KiB physical/encoded=43.077x encoded/compressed=1.043x physical/compressed=44.911x source-reference=976.56 KiB
  RefererCategoryID: type=int16 configured=rle-dict metadata=PLAIN, RLE_DICTIONARY physical=3.81 MiB encoded=504.42 KiB compressed=276.63 KiB physical/encoded=7.744x encoded/compressed=1.823x physical/compressed=14.121x source-reference=4.42 MiB
  RefererRegionID: type=int32 configured=rle-dict metadata=PLAIN, RLE_DICTIONARY physical=3.81 MiB encoded=363.50 KiB compressed=215.82 KiB physical/encoded=10.746x encoded/compressed=1.684x physical/compressed=18.099x source-reference=2.68 MiB
  URLCategoryID: type=int16 configured=rle-dict metadata=PLAIN, RLE_DICTIONARY physical=3.81 MiB encoded=157.82 KiB compressed=90.41 KiB physical/encoded=24.752x encoded/compressed=1.746x physical/compressed=43.204x source-reference=4.32 MiB
  URLRegionID: type=int32 configured=rle-dict metadata=PLAIN, RLE_DICTIONARY physical=3.81 MiB encoded=72.70 KiB compressed=51.79 KiB physical/encoded=53.729x encoded/compressed=1.404x physical/compressed=75.429x source-reference=2.84 MiB
  ResolutionWidth: type=int16 configured=rle-dict metadata=PLAIN, RLE_DICTIONARY physical=3.81 MiB encoded=355.92 KiB compressed=236.96 KiB physical/encoded=10.975x encoded/compressed=1.502x physical/compressed=16.485x source-reference=3.78 MiB
  ResolutionHeight: type=int16 configured=rle-dict metadata=PLAIN, RLE_DICTIONARY physical=3.81 MiB encoded=364.30 KiB compressed=238.50 KiB physical/encoded=10.723x encoded/compressed=1.527x physical/compressed=16.378x source-reference=3.25 MiB
  ResolutionDepth: type=int16 configured=rle-dict metadata=PLAIN, RLE_DICTIONARY physical=3.81 MiB encoded=109.19 KiB compressed=85.89 KiB physical/encoded=35.776x encoded/compressed=1.271x physical/compressed=45.478x source-reference=1.90 MiB
  FlashMajor: type=int16 configured=rle-dict metadata=PLAIN, RLE_DICTIONARY physical=3.81 MiB encoded=86.16 KiB compressed=66.95 KiB physical/encoded=45.336x encoded/compressed=1.287x physical/compressed=58.347x source-reference=1.83 MiB
  FlashMinor: type=int16 configured=rle-dict metadata=PLAIN, RLE_DICTIONARY physical=3.81 MiB encoded=210.61 KiB compressed=150.42 KiB physical/encoded=18.547x encoded/compressed=1.400x physical/compressed=25.969x source-reference=1.26 MiB
  FlashMinor2: type=string configured=rle-dict metadata=PLAIN, RLE_DICTIONARY physical=3.20 MiB encoded=261.39 KiB compressed=178.38 KiB physical/encoded=12.532x encoded/compressed=1.465x physical/compressed=18.365x source-reference=3.20 MiB
  NetMajor: type=int16 configured=rle-dict metadata=PLAIN, RLE_DICTIONARY physical=3.81 MiB encoded=36.05 KiB compressed=31.46 KiB physical/encoded=108.345x encoded/compressed=1.146x physical/compressed=124.185x source-reference=976.56 KiB
  NetMinor: type=int16 configured=rle-dict metadata=PLAIN, RLE_DICTIONARY physical=3.81 MiB encoded=32.55 KiB compressed=28.36 KiB physical/encoded=119.994x encoded/compressed=1.148x physical/compressed=137.732x source-reference=976.56 KiB
  UserAgentMajor: type=int16 configured=rle-dict metadata=PLAIN, RLE_DICTIONARY physical=3.81 MiB encoded=270.61 KiB compressed=210.64 KiB physical/encoded=14.435x encoded/compressed=1.285x physical/compressed=18.545x source-reference=1.80 MiB
  UserAgentMinor: type=string configured=rle-dict metadata=PLAIN, RLE_DICTIONARY physical=3.59 MiB encoded=146.79 KiB compressed=101.92 KiB physical/encoded=25.064x encoded/compressed=1.440x physical/compressed=36.100x source-reference=3.60 MiB
  CookieEnable: type=int16 configured=rle-dict metadata=PLAIN, RLE_DICTIONARY physical=3.81 MiB encoded=6.28 KiB compressed=6.52 KiB physical/encoded=621.891x encoded/compressed=0.963x physical/compressed=598.802x source-reference=976.56 KiB
  JavascriptEnable: type=int16 configured=rle-dict metadata=PLAIN, RLE_DICTIONARY physical=3.81 MiB encoded=6.60 KiB compressed=6.83 KiB physical/encoded=591.804x encoded/compressed=0.967x physical/compressed=572.328x source-reference=976.56 KiB
  IsMobile: type=int16 configured=rle-dict metadata=PLAIN, RLE_DICTIONARY physical=3.81 MiB encoded=29.55 KiB compressed=27.96 KiB physical/encoded=132.210x encoded/compressed=1.057x physical/compressed=139.699x source-reference=976.56 KiB
  MobilePhone: type=int16 configured=rle-dict metadata=PLAIN, RLE_DICTIONARY physical=3.81 MiB encoded=34.12 KiB compressed=29.58 KiB physical/encoded=114.495x encoded/compressed=1.153x physical/compressed=132.061x source-reference=978.44 KiB
  MobilePhoneModel: type=string configured=rle-dict metadata=PLAIN, RLE_DICTIONARY physical=79.67 KiB encoded=24.56 KiB compressed=22.55 KiB physical/encoded=3.244x encoded/compressed=1.089x physical/compressed=3.533x source-reference=79.67 KiB
  Params: type=string configured=rle-dict metadata=PLAIN, RLE_DICTIONARY physical=0 B encoded=4.22 KiB compressed=4.46 KiB physical/encoded=0.000x encoded/compressed=0.947x physical/compressed=0.000x source-reference=0 B
  IPNetworkID: type=int32 configured=rle-dict metadata=PLAIN, RLE_DICTIONARY physical=3.81 MiB encoded=731.65 KiB compressed=625.20 KiB physical/encoded=5.339x encoded/compressed=1.170x physical/compressed=6.248x source-reference=6.55 MiB
  TraficSourceID: type=int16 configured=rle-dict metadata=PLAIN, RLE_DICTIONARY physical=3.81 MiB encoded=283.06 KiB compressed=238.97 KiB physical/encoded=13.800x encoded/compressed=1.185x physical/compressed=16.346x source-reference=1.65 MiB
  SearchEngineID: type=int16 configured=rle-dict metadata=PLAIN, RLE_DICTIONARY physical=3.81 MiB encoded=163.24 KiB compressed=102.38 KiB physical/encoded=23.929x encoded/compressed=1.595x physical/compressed=38.155x source-reference=982.98 KiB
  SearchPhrase: type=string configured=rle-dict metadata=PLAIN, RLE_DICTIONARY physical=3.36 MiB encoded=1.57 MiB compressed=766.38 KiB physical/encoded=2.149x encoded/compressed=2.092x physical/compressed=4.496x source-reference=3.36 MiB
  AdvEngineID: type=int16 configured=rle-dict metadata=PLAIN, RLE_DICTIONARY physical=3.81 MiB encoded=34.42 KiB compressed=29.50 KiB physical/encoded=113.498x encoded/compressed=1.167x physical/compressed=132.420x source-reference=981.08 KiB
  IsArtifical: type=int16 configured=rle-dict metadata=PLAIN, RLE_DICTIONARY physical=3.81 MiB encoded=79.45 KiB compressed=79.81 KiB physical/encoded=49.167x encoded/compressed=0.996x physical/compressed=48.946x source-reference=976.56 KiB
  WindowClientWidth: type=int16 configured=rle-dict metadata=PLAIN, RLE_DICTIONARY physical=3.81 MiB encoded=680.86 KiB compressed=503.28 KiB physical/encoded=5.737x encoded/compressed=1.353x physical/compressed=7.762x source-reference=3.65 MiB
  WindowClientHeight: type=int16 configured=rle-dict metadata=PLAIN, RLE_DICTIONARY physical=3.81 MiB encoded=734.89 KiB compressed=592.73 KiB physical/encoded=5.315x encoded/compressed=1.240x physical/compressed=6.590x source-reference=2.91 MiB
  ClientTimeZone: type=int16 configured=rle-dict metadata=PLAIN, RLE_DICTIONARY physical=3.81 MiB encoded=160.90 KiB compressed=108.55 KiB physical/encoded=24.278x encoded/compressed=1.482x physical/compressed=35.986x source-reference=2.85 MiB
  ClientEventTime: type=timestamp_millis configured=rle-dict metadata=PLAIN, RLE_DICTIONARY physical=7.63 MiB encoded=6.88 MiB compressed=5.19 MiB physical/encoded=1.108x encoded/compressed=1.327x physical/compressed=1.470x source-reference=18.12 MiB
  SilverlightVersion1: type=int16 configured=rle-dict metadata=PLAIN, RLE_DICTIONARY physical=3.81 MiB encoded=152.19 KiB compressed=110.67 KiB physical/encoded=25.667x encoded/compressed=1.375x physical/compressed=35.296x source-reference=976.58 KiB
  SilverlightVersion2: type=int16 configured=rle-dict metadata=PLAIN, RLE_DICTIONARY physical=3.81 MiB encoded=87.29 KiB compressed=75.04 KiB physical/encoded=44.748x encoded/compressed=1.163x physical/compressed=52.052x source-reference=976.56 KiB
  SilverlightVersion3: type=int32 configured=rle-dict metadata=PLAIN, RLE_DICTIONARY physical=3.81 MiB encoded=226.31 KiB compressed=151.65 KiB physical/encoded=17.260x encoded/compressed=1.492x physical/compressed=25.759x source-reference=2.60 MiB
  SilverlightVersion4: type=int16 configured=rle-dict metadata=PLAIN, RLE_DICTIONARY physical=3.81 MiB encoded=5.28 KiB compressed=5.52 KiB physical/encoded=739.782x encoded/compressed=0.957x physical/compressed=707.839x source-reference=976.56 KiB
  PageCharset: type=string configured=rle-dict metadata=PLAIN, RLE_DICTIONARY physical=12.96 MiB encoded=8.84 KiB compressed=9.03 KiB physical/encoded=1500.758x encoded/compressed=0.980x physical/compressed=1470.229x source-reference=12.96 MiB
  CodeVersion: type=int32 configured=rle-dict metadata=PLAIN, RLE_DICTIONARY physical=3.81 MiB encoded=7.19 KiB compressed=7.42 KiB physical/encoded=543.183x encoded/compressed=0.969x physical/compressed=526.593x source-reference=3.81 MiB
  IsLink: type=int16 configured=rle-dict metadata=PLAIN, RLE_DICTIONARY physical=3.81 MiB encoded=53.19 KiB compressed=46.59 KiB physical/encoded=73.439x encoded/compressed=1.142x physical/compressed=83.842x source-reference=976.56 KiB
  IsDownload: type=int16 configured=rle-dict metadata=PLAIN, RLE_DICTIONARY physical=3.81 MiB encoded=8.48 KiB compressed=8.72 KiB physical/encoded=460.883x encoded/compressed=0.972x physical/compressed=448.129x source-reference=976.56 KiB
  IsNotBounce: type=int16 configured=rle-dict metadata=PLAIN, RLE_DICTIONARY physical=3.81 MiB encoded=16.28 KiB compressed=16.53 KiB physical/encoded=240.010x encoded/compressed=0.985x physical/compressed=236.295x source-reference=976.56 KiB
  FUniqID: type=int64 configured=rle-dict metadata=PLAIN, RLE_DICTIONARY physical=7.63 MiB encoded=1.13 MiB compressed=1.03 MiB physical/encoded=6.755x encoded/compressed=1.097x physical/compressed=7.411x source-reference=17.24 MiB
  OriginalURL: type=string configured=rle-dict metadata=PLAIN, RLE_DICTIONARY physical=26.51 MiB encoded=20.29 MiB compressed=5.88 MiB physical/encoded=1.306x encoded/compressed=3.452x physical/compressed=4.509x source-reference=26.51 MiB
  HID: type=int32 configured=rle-dict metadata=PLAIN, RLE_DICTIONARY physical=3.81 MiB encoded=4.26 MiB compressed=4.26 MiB physical/encoded=0.895x encoded/compressed=1.000x physical/compressed=0.895x source-reference=8.54 MiB
  IsOldCounter: type=int16 configured=rle-dict metadata=PLAIN, RLE_DICTIONARY physical=3.81 MiB encoded=5.18 KiB compressed=5.41 KiB physical/encoded=754.717x encoded/compressed=0.956x physical/compressed=721.501x source-reference=976.56 KiB
  IsEvent: type=int16 configured=rle-dict metadata=PLAIN, RLE_DICTIONARY physical=3.81 MiB encoded=5.18 KiB compressed=5.41 KiB physical/encoded=754.717x encoded/compressed=0.956x physical/compressed=721.501x source-reference=976.56 KiB
  IsParameter: type=int16 configured=rle-dict metadata=PLAIN, RLE_DICTIONARY physical=3.81 MiB encoded=5.18 KiB compressed=5.41 KiB physical/encoded=754.717x encoded/compressed=0.956x physical/compressed=721.501x source-reference=976.56 KiB
  DontCountHits: type=int16 configured=rle-dict metadata=PLAIN, RLE_DICTIONARY physical=3.81 MiB encoded=64.58 KiB compressed=58.56 KiB physical/encoded=60.483x encoded/compressed=1.103x physical/compressed=66.703x source-reference=976.56 KiB
  WithHash: type=int16 configured=rle-dict metadata=PLAIN, RLE_DICTIONARY physical=3.81 MiB encoded=5.18 KiB compressed=5.41 KiB physical/encoded=754.717x encoded/compressed=0.956x physical/compressed=721.501x source-reference=976.56 KiB
  HitColor: type=string configured=rle-dict metadata=PLAIN, RLE_DICTIONARY physical=976.56 KiB encoded=32.98 KiB compressed=31.31 KiB physical/encoded=29.607x encoded/compressed=1.053x physical/compressed=31.187x source-reference=976.56 KiB
  LocalEventTime: type=timestamp_millis configured=rle-dict metadata=PLAIN, RLE_DICTIONARY physical=7.63 MiB encoded=7.02 MiB compressed=5.28 MiB physical/encoded=1.086x encoded/compressed=1.329x physical/compressed=1.444x source-reference=18.12 MiB
  Age: type=int16 configured=rle-dict metadata=PLAIN, RLE_DICTIONARY physical=3.81 MiB encoded=182.06 KiB compressed=152.77 KiB physical/encoded=21.456x encoded/compressed=1.192x physical/compressed=25.569x source-reference=1.66 MiB
  Sex: type=int16 configured=rle-dict metadata=PLAIN, RLE_DICTIONARY physical=3.81 MiB encoded=130.91 KiB compressed=110.26 KiB physical/encoded=29.839x encoded/compressed=1.187x physical/compressed=35.427x source-reference=976.56 KiB
  Income: type=int16 configured=rle-dict metadata=PLAIN, RLE_DICTIONARY physical=3.81 MiB encoded=139.57 KiB compressed=120.49 KiB physical/encoded=27.987x encoded/compressed=1.158x physical/compressed=32.421x source-reference=976.56 KiB
  Interests: type=int16 configured=rle-dict metadata=PLAIN, RLE_DICTIONARY physical=3.81 MiB encoded=473.85 KiB compressed=337.27 KiB physical/encoded=8.244x encoded/compressed=1.405x physical/compressed=11.582x source-reference=2.08 MiB
  Robotness: type=int16 configured=rle-dict metadata=PLAIN, RLE_DICTIONARY physical=3.81 MiB encoded=406.47 KiB compressed=277.87 KiB physical/encoded=9.610x encoded/compressed=1.463x physical/compressed=14.058x source-reference=1.36 MiB
  RemoteIP: type=int32 configured=rle-dict metadata=PLAIN, RLE_DICTIONARY physical=3.81 MiB encoded=904.44 KiB compressed=734.17 KiB physical/encoded=4.319x encoded/compressed=1.232x physical/compressed=5.321x source-reference=9.55 MiB
  WindowName: type=int32 configured=rle-dict metadata=PLAIN, RLE_DICTIONARY physical=3.81 MiB encoded=167.12 KiB compressed=147.38 KiB physical/encoded=23.374x encoded/compressed=1.134x physical/compressed=26.506x source-reference=2.10 MiB
  OpenerName: type=int32 configured=rle-dict metadata=PLAIN, RLE_DICTIONARY physical=3.81 MiB encoded=5.18 KiB compressed=5.41 KiB physical/encoded=754.717x encoded/compressed=0.956x physical/compressed=721.501x source-reference=1.91 MiB
  HistoryLength: type=int16 configured=rle-dict metadata=PLAIN, RLE_DICTIONARY physical=3.81 MiB encoded=67.60 KiB compressed=57.38 KiB physical/encoded=57.788x encoded/compressed=1.178x physical/compressed=68.077x source-reference=1.85 MiB
  BrowserLanguage: type=string configured=rle-dict metadata=PLAIN, RLE_DICTIONARY physical=1.91 MiB encoded=41.61 KiB compressed=33.84 KiB physical/encoded=46.963x encoded/compressed=1.230x physical/compressed=57.756x source-reference=1.91 MiB
  BrowserCountry: type=string configured=rle-dict metadata=PLAIN, RLE_DICTIONARY physical=3.17 MiB encoded=133.45 KiB compressed=92.73 KiB physical/encoded=24.333x encoded/compressed=1.439x physical/compressed=35.017x source-reference=3.80 MiB
  SocialNetwork: type=string configured=rle-dict metadata=PLAIN, RLE_DICTIONARY physical=0 B encoded=4.22 KiB compressed=4.46 KiB physical/encoded=0.000x encoded/compressed=0.947x physical/compressed=0.000x source-reference=0 B
  SocialAction: type=string configured=rle-dict metadata=PLAIN, RLE_DICTIONARY physical=0 B encoded=4.22 KiB compressed=4.46 KiB physical/encoded=0.000x encoded/compressed=0.947x physical/compressed=0.000x source-reference=0 B
  HTTPError: type=int16 configured=rle-dict metadata=PLAIN, RLE_DICTIONARY physical=3.81 MiB encoded=5.18 KiB compressed=5.41 KiB physical/encoded=754.717x encoded/compressed=0.956x physical/compressed=721.501x source-reference=976.56 KiB
  SendTiming: type=int32 configured=rle-dict metadata=PLAIN, RLE_DICTIONARY physical=3.81 MiB encoded=117.88 KiB compressed=93.68 KiB physical/encoded=33.137x encoded/compressed=1.258x physical/compressed=41.696x source-reference=1011.59 KiB
  DNSTiming: type=int32 configured=rle-dict metadata=PLAIN, RLE_DICTIONARY physical=3.81 MiB encoded=336.23 KiB compressed=192.08 KiB physical/encoded=11.618x encoded/compressed=1.750x physical/compressed=20.336x source-reference=1002.88 KiB
  ConnectTiming: type=int32 configured=rle-dict metadata=PLAIN, RLE_DICTIONARY physical=3.81 MiB encoded=686.66 KiB compressed=455.38 KiB physical/encoded=5.689x encoded/compressed=1.508x physical/compressed=8.578x source-reference=1.09 MiB
  ResponseStartTiming: type=int32 configured=rle-dict metadata=PLAIN, RLE_DICTIONARY physical=3.81 MiB encoded=1.73 MiB compressed=1.64 MiB physical/encoded=2.207x encoded/compressed=1.054x physical/compressed=2.327x source-reference=2.18 MiB
  ResponseEndTiming: type=int32 configured=rle-dict metadata=PLAIN, RLE_DICTIONARY physical=3.81 MiB encoded=1.30 MiB compressed=1.16 MiB physical/encoded=2.932x encoded/compressed=1.123x physical/compressed=3.294x source-reference=1.50 MiB
  FetchTiming: type=int32 configured=rle-dict metadata=PLAIN, RLE_DICTIONARY physical=3.81 MiB encoded=1.08 MiB compressed=799.31 KiB physical/encoded=3.524x encoded/compressed=1.387x physical/compressed=4.887x source-reference=1.21 MiB
  SocialSourceNetworkID: type=int16 configured=rle-dict metadata=PLAIN, RLE_DICTIONARY physical=3.81 MiB encoded=6.09 KiB compressed=6.33 KiB physical/encoded=641.334x encoded/compressed=0.962x physical/compressed=617.189x source-reference=976.62 KiB
  SocialSourcePage: type=string configured=rle-dict metadata=PLAIN, RLE_DICTIONARY physical=1.00 KiB encoded=5.76 KiB compressed=5.99 KiB physical/encoded=0.174x encoded/compressed=0.961x physical/compressed=0.167x source-reference=1.00 KiB
  ParamPrice: type=int64 configured=rle-dict metadata=PLAIN, RLE_DICTIONARY physical=7.63 MiB encoded=6.37 KiB compressed=6.61 KiB physical/encoded=1226.994x encoded/compressed=0.964x physical/compressed=1182.732x source-reference=976.56 KiB
  ParamOrderID: type=string configured=rle-dict metadata=PLAIN, RLE_DICTIONARY physical=0 B encoded=4.22 KiB compressed=4.46 KiB physical/encoded=0.000x encoded/compressed=0.947x physical/compressed=0.000x source-reference=0 B
  ParamCurrency: type=string configured=rle-dict metadata=PLAIN, RLE_DICTIONARY physical=2.86 MiB encoded=5.12 KiB compressed=5.35 KiB physical/encoded=572.628x encoded/compressed=0.955x physical/compressed=547.146x source-reference=2.86 MiB
  ParamCurrencyID: type=int16 configured=rle-dict metadata=PLAIN, RLE_DICTIONARY physical=3.81 MiB encoded=5.18 KiB compressed=5.41 KiB physical/encoded=754.717x encoded/compressed=0.956x physical/compressed=721.501x source-reference=976.56 KiB
  OpenstatServiceName: type=string configured=rle-dict metadata=PLAIN, RLE_DICTIONARY physical=56.67 KiB encoded=18.30 KiB compressed=17.66 KiB physical/encoded=3.097x encoded/compressed=1.036x physical/compressed=3.209x source-reference=56.67 KiB
  OpenstatCampaignID: type=string configured=rle-dict metadata=PLAIN, RLE_DICTIONARY physical=21.53 KiB encoded=16.18 KiB compressed=15.77 KiB physical/encoded=1.331x encoded/compressed=1.026x physical/compressed=1.365x source-reference=21.53 KiB
  OpenstatAdID: type=string configured=rle-dict metadata=PLAIN, RLE_DICTIONARY physical=24.85 KiB encoded=22.34 KiB compressed=20.58 KiB physical/encoded=1.112x encoded/compressed=1.086x physical/compressed=1.207x source-reference=24.85 KiB
  OpenstatSourceID: type=string configured=rle-dict metadata=PLAIN, RLE_DICTIONARY physical=47.06 KiB encoded=14.43 KiB compressed=13.17 KiB physical/encoded=3.262x encoded/compressed=1.096x physical/compressed=3.574x source-reference=47.06 KiB
  UTMSource: type=string configured=rle-dict metadata=PLAIN, RLE_DICTIONARY physical=48.27 KiB encoded=22.18 KiB compressed=19.92 KiB physical/encoded=2.176x encoded/compressed=1.114x physical/compressed=2.424x source-reference=48.27 KiB
  UTMMedium: type=string configured=rle-dict metadata=PLAIN, RLE_DICTIONARY physical=16.48 KiB encoded=16.26 KiB compressed=15.55 KiB physical/encoded=1.014x encoded/compressed=1.045x physical/compressed=1.059x source-reference=16.48 KiB
  UTMCampaign: type=string configured=rle-dict metadata=PLAIN, RLE_DICTIONARY physical=89.72 KiB encoded=36.34 KiB compressed=31.05 KiB physical/encoded=2.469x encoded/compressed=1.170x physical/compressed=2.889x source-reference=89.72 KiB
  UTMContent: type=string configured=rle-dict metadata=PLAIN, RLE_DICTIONARY physical=12.70 KiB encoded=14.50 KiB compressed=14.28 KiB physical/encoded=0.875x encoded/compressed=1.015x physical/compressed=0.889x source-reference=12.70 KiB
  UTMTerm: type=string configured=rle-dict metadata=PLAIN, RLE_DICTIONARY physical=27.44 KiB encoded=16.32 KiB compressed=15.42 KiB physical/encoded=1.681x encoded/compressed=1.059x physical/compressed=1.780x source-reference=27.44 KiB
  FromTag: type=string configured=rle-dict metadata=PLAIN, RLE_DICTIONARY physical=44.54 KiB encoded=40.44 KiB compressed=28.06 KiB physical/encoded=1.101x encoded/compressed=1.441x physical/compressed=1.587x source-reference=44.54 KiB
  HasGCLID: type=int16 configured=rle-dict metadata=PLAIN, RLE_DICTIONARY physical=3.81 MiB encoded=21.13 KiB compressed=19.49 KiB physical/encoded=184.886x encoded/compressed=1.084x physical/compressed=200.431x source-reference=976.56 KiB
  RefererHash: type=int64 configured=rle-dict metadata=PLAIN, RLE_DICTIONARY physical=7.63 MiB encoded=3.60 MiB compressed=3.38 MiB physical/encoded=2.119x encoded/compressed=1.065x physical/compressed=2.256x source-reference=18.45 MiB
  URLHash: type=int64 configured=rle-dict metadata=PLAIN, RLE_DICTIONARY physical=7.63 MiB encoded=4.41 MiB compressed=4.32 MiB physical/encoded=1.731x encoded/compressed=1.020x physical/compressed=1.765x source-reference=18.45 MiB
  CLID: type=int32 configured=rle-dict metadata=PLAIN, RLE_DICTIONARY physical=3.81 MiB encoded=6.13 KiB compressed=6.37 KiB physical/encoded=637.247x encoded/compressed=0.963x physical/compressed=613.403x source-reference=976.93 KiB
  encoding_experiment/page-256kib-rgsize-10mib-file-10mib-dictpage-256kib/1000000_rows/parquet/page_encoding_distribution/rle-dict-snappy/part-00000.parquet: 35409 rows, file=2.93 MiB, physical=26.22 MiB, encoded=5.42 MiB, compressed-data=2.90 MiB
  encoding_experiment/page-256kib-rgsize-10mib-file-10mib-dictpage-256kib/1000000_rows/parquet/page_encoding_distribution/rle-dict-snappy/part-00001.parquet: 35555 rows, file=2.91 MiB, physical=26.06 MiB, encoded=5.35 MiB, compressed-data=2.88 MiB
  encoding_experiment/page-256kib-rgsize-10mib-file-10mib-dictpage-256kib/1000000_rows/parquet/page_encoding_distribution/rle-dict-snappy/part-00002.parquet: 35360 rows, file=2.93 MiB, physical=26.40 MiB, encoded=5.43 MiB, compressed-data=2.90 MiB
  encoding_experiment/page-256kib-rgsize-10mib-file-10mib-dictpage-256kib/1000000_rows/parquet/page_encoding_distribution/rle-dict-snappy/part-00003.parquet: 35547 rows, file=2.90 MiB, physical=26.25 MiB, encoded=5.37 MiB, compressed-data=2.87 MiB
  encoding_experiment/page-256kib-rgsize-10mib-file-10mib-dictpage-256kib/1000000_rows/parquet/page_encoding_distribution/rle-dict-snappy/part-00004.parquet: 35619 rows, file=2.88 MiB, physical=26.42 MiB, encoded=5.31 MiB, compressed-data=2.85 MiB
  encoding_experiment/page-256kib-rgsize-10mib-file-10mib-dictpage-256kib/1000000_rows/parquet/page_encoding_distribution/rle-dict-snappy/part-00005.parquet: 35802 rows, file=2.88 MiB, physical=26.23 MiB, encoded=5.28 MiB, compressed-data=2.85 MiB
  encoding_experiment/page-256kib-rgsize-10mib-file-10mib-dictpage-256kib/1000000_rows/parquet/page_encoding_distribution/rle-dict-snappy/part-00006.parquet: 35650 rows, file=2.89 MiB, physical=26.25 MiB, encoded=5.32 MiB, compressed-data=2.86 MiB
  encoding_experiment/page-256kib-rgsize-10mib-file-10mib-dictpage-256kib/1000000_rows/parquet/page_encoding_distribution/rle-dict-snappy/part-00007.parquet: 35550 rows, file=2.91 MiB, physical=26.28 MiB, encoded=5.36 MiB, compressed-data=2.88 MiB
  encoding_experiment/page-256kib-rgsize-10mib-file-10mib-dictpage-256kib/1000000_rows/parquet/page_encoding_distribution/rle-dict-snappy/part-00008.parquet: 35635 rows, file=2.88 MiB, physical=26.36 MiB, encoded=5.32 MiB, compressed-data=2.85 MiB
  encoding_experiment/page-256kib-rgsize-10mib-file-10mib-dictpage-256kib/1000000_rows/parquet/page_encoding_distribution/rle-dict-snappy/part-00009.parquet: 35710 rows, file=2.89 MiB, physical=26.15 MiB, encoded=5.31 MiB, compressed-data=2.86 MiB
  encoding_experiment/page-256kib-rgsize-10mib-file-10mib-dictpage-256kib/1000000_rows/parquet/page_encoding_distribution/rle-dict-snappy/part-00010.parquet: 35687 rows, file=2.87 MiB, physical=26.22 MiB, encoded=5.30 MiB, compressed-data=2.84 MiB
  encoding_experiment/page-256kib-rgsize-10mib-file-10mib-dictpage-256kib/1000000_rows/parquet/page_encoding_distribution/rle-dict-snappy/part-00011.parquet: 35921 rows, file=2.85 MiB, physical=26.44 MiB, encoded=5.24 MiB, compressed-data=2.82 MiB
  encoding_experiment/page-256kib-rgsize-10mib-file-10mib-dictpage-256kib/1000000_rows/parquet/page_encoding_distribution/rle-dict-snappy/part-00012.parquet: 35708 rows, file=2.88 MiB, physical=26.18 MiB, encoded=5.33 MiB, compressed-data=2.85 MiB
  encoding_experiment/page-256kib-rgsize-10mib-file-10mib-dictpage-256kib/1000000_rows/parquet/page_encoding_distribution/rle-dict-snappy/part-00013.parquet: 35721 rows, file=2.86 MiB, physical=26.28 MiB, encoded=5.29 MiB, compressed-data=2.83 MiB
  encoding_experiment/page-256kib-rgsize-10mib-file-10mib-dictpage-256kib/1000000_rows/parquet/page_encoding_distribution/rle-dict-snappy/part-00014.parquet: 31834 rows, file=3.30 MiB, physical=21.63 MiB, encoded=6.76 MiB, compressed-data=3.27 MiB
  encoding_experiment/page-256kib-rgsize-10mib-file-10mib-dictpage-256kib/1000000_rows/parquet/page_encoding_distribution/rle-dict-snappy/part-00015.parquet: 30718 rows, file=3.39 MiB, physical=20.14 MiB, encoded=7.16 MiB, compressed-data=3.36 MiB
  encoding_experiment/page-256kib-rgsize-10mib-file-10mib-dictpage-256kib/1000000_rows/parquet/page_encoding_distribution/rle-dict-snappy/part-00016.parquet: 29757 rows, file=3.48 MiB, physical=19.90 MiB, encoded=7.42 MiB, compressed-data=3.45 MiB
  encoding_experiment/page-256kib-rgsize-10mib-file-10mib-dictpage-256kib/1000000_rows/parquet/page_encoding_distribution/rle-dict-snappy/part-00017.parquet: 31403 rows, file=3.59 MiB, physical=18.89 MiB, encoded=6.61 MiB, compressed-data=3.56 MiB
  encoding_experiment/page-256kib-rgsize-10mib-file-10mib-dictpage-256kib/1000000_rows/parquet/page_encoding_distribution/rle-dict-snappy/part-00018.parquet: 30810 rows, file=3.62 MiB, physical=19.04 MiB, encoded=6.80 MiB, compressed-data=3.59 MiB
  encoding_experiment/page-256kib-rgsize-10mib-file-10mib-dictpage-256kib/1000000_rows/parquet/page_encoding_distribution/rle-dict-snappy/part-00019.parquet: 30007 rows, file=3.71 MiB, physical=18.76 MiB, encoded=7.04 MiB, compressed-data=3.68 MiB
  encoding_experiment/page-256kib-rgsize-10mib-file-10mib-dictpage-256kib/1000000_rows/parquet/page_encoding_distribution/rle-dict-snappy/part-00020.parquet: 31144 rows, file=3.60 MiB, physical=18.83 MiB, encoded=6.68 MiB, compressed-data=3.57 MiB
  encoding_experiment/page-256kib-rgsize-10mib-file-10mib-dictpage-256kib/1000000_rows/parquet/page_encoding_distribution/rle-dict-snappy/part-00021.parquet: 30412 rows, file=3.67 MiB, physical=18.79 MiB, encoded=6.92 MiB, compressed-data=3.64 MiB
  encoding_experiment/page-256kib-rgsize-10mib-file-10mib-dictpage-256kib/1000000_rows/parquet/page_encoding_distribution/rle-dict-snappy/part-00022.parquet: 31031 rows, file=3.61 MiB, physical=18.93 MiB, encoded=6.75 MiB, compressed-data=3.58 MiB
  encoding_experiment/page-256kib-rgsize-10mib-file-10mib-dictpage-256kib/1000000_rows/parquet/page_encoding_distribution/rle-dict-snappy/part-00023.parquet: 30876 rows, file=3.64 MiB, physical=18.89 MiB, encoded=6.79 MiB, compressed-data=3.61 MiB
  encoding_experiment/page-256kib-rgsize-10mib-file-10mib-dictpage-256kib/1000000_rows/parquet/page_encoding_distribution/rle-dict-snappy/part-00024.parquet: 30916 rows, file=3.60 MiB, physical=18.93 MiB, encoded=6.77 MiB, compressed-data=3.57 MiB
  encoding_experiment/page-256kib-rgsize-10mib-file-10mib-dictpage-256kib/1000000_rows/parquet/page_encoding_distribution/rle-dict-snappy/part-00025.parquet: 30473 rows, file=3.67 MiB, physical=18.79 MiB, encoded=6.91 MiB, compressed-data=3.64 MiB
  encoding_experiment/page-256kib-rgsize-10mib-file-10mib-dictpage-256kib/1000000_rows/parquet/page_encoding_distribution/rle-dict-snappy/part-00026.parquet: 31349 rows, file=3.61 MiB, physical=18.99 MiB, encoded=6.65 MiB, compressed-data=3.58 MiB
  encoding_experiment/page-256kib-rgsize-10mib-file-10mib-dictpage-256kib/1000000_rows/parquet/page_encoding_distribution/rle-dict-snappy/part-00027.parquet: 31041 rows, file=3.64 MiB, physical=18.92 MiB, encoded=6.73 MiB, compressed-data=3.61 MiB
  encoding_experiment/page-256kib-rgsize-10mib-file-10mib-dictpage-256kib/1000000_rows/parquet/page_encoding_distribution/rle-dict-snappy/part-00028.parquet: 31461 rows, file=3.59 MiB, physical=18.96 MiB, encoded=6.61 MiB, compressed-data=3.56 MiB
  encoding_experiment/page-256kib-rgsize-10mib-file-10mib-dictpage-256kib/1000000_rows/parquet/page_encoding_distribution/rle-dict-snappy/part-00029.parquet: 30963 rows, file=3.62 MiB, physical=18.97 MiB, encoded=6.77 MiB, compressed-data=3.59 MiB
  encoding_experiment/page-256kib-rgsize-10mib-file-10mib-dictpage-256kib/1000000_rows/parquet/page_encoding_distribution/rle-dict-snappy/part-00030.parquet: 6931 rows, file=865.53 KiB, physical=4.30 MiB, encoded=1.59 MiB, compressed-data=849.24 KiB
