wrote 1000000 rows into 30 parquet file(s)
write elapsed: 27.967s
source TSV bytes for rows, reference only: 778360762 (742.30 MiB)
parquet physical bytes before page encoding: 712398624 (679.40 MiB)
encoded column bytes before codec compression: 194555396 (185.54 MiB)
compressed column data bytes after codec compression: 86384156 (82.38 MiB)
parquet file bytes: 87339116 (83.29 MiB)
physical/encoded ratio: 3.662x
encoded/compressed-data ratio: 2.252x
physical/compressed-data ratio: 8.247x
physical/parquet-file ratio: 8.157x
max dictionary page size: 256.00 KiB
output dir: encoding_experiment/page-256kib-rgsize-10mib-file-10mib-dictpage-256kib/1000000_rows/parquet/page_encoding_distribution/rle-dict-zstd
result file: encoding_experiment/page-256kib-rgsize-10mib-file-10mib-dictpage-256kib/1000000_rows/results/page_encoding_distribution/configs/2026-07-05_rows-1000000-comp-zstd-3-int-rle-dict-str-rle-dict-date-rle-dict-ts-rle-dict.md
writer stats JSON: encoding_experiment/page-256kib-rgsize-10mib-file-10mib-dictpage-256kib/1000000_rows/results/page_encoding_distribution/stats/rle-dict-zstd_writer-stats.json
verification: passed, 1000000 rows from 30 file(s), 7.018s
columns:
  WatchID: type=int64 configured=rle-dict metadata=PLAIN, RLE_DICTIONARY physical=7.63 MiB encoded=9.39 MiB compressed=9.40 MiB physical/encoded=0.812x encoded/compressed=1.000x physical/compressed=0.812x source-reference=18.12 MiB
  JavaEnable: type=int16 configured=rle-dict metadata=PLAIN, RLE_DICTIONARY physical=3.81 MiB encoded=78.17 KiB compressed=50.28 KiB physical/encoded=49.971x encoded/compressed=1.555x physical/compressed=77.694x source-reference=976.56 KiB
  Title: type=string configured=rle-dict metadata=PLAIN, RLE_DICTIONARY physical=132.00 MiB encoded=27.47 MiB compressed=7.61 MiB physical/encoded=4.806x encoded/compressed=3.611x physical/compressed=17.355x source-reference=132.03 MiB
  GoodEvent: type=int16 configured=rle-dict metadata=PLAIN, RLE_DICTIONARY physical=3.81 MiB encoded=5.09 KiB compressed=6.14 KiB physical/encoded=767.460x encoded/compressed=0.828x physical/compressed=635.728x source-reference=976.56 KiB
  EventTime: type=timestamp_millis configured=rle-dict metadata=PLAIN, RLE_DICTIONARY physical=7.63 MiB encoded=7.02 MiB compressed=3.84 MiB physical/encoded=1.087x encoded/compressed=1.830x physical/compressed=1.989x source-reference=18.12 MiB
  EventDate: type=date configured=rle-dict metadata=PLAIN, RLE_DICTIONARY physical=3.81 MiB encoded=5.09 KiB compressed=6.14 KiB physical/encoded=767.460x encoded/compressed=0.828x physical/compressed=635.728x source-reference=9.54 MiB
  CounterID: type=int32 configured=rle-dict metadata=PLAIN, RLE_DICTIONARY physical=3.81 MiB encoded=5.14 KiB compressed=6.19 KiB physical/encoded=760.023x encoded/compressed=0.830x physical/compressed=630.616x source-reference=1.91 MiB
  ClientIP: type=int32 configured=rle-dict metadata=PLAIN, RLE_DICTIONARY physical=3.81 MiB encoded=919.73 KiB compressed=794.04 KiB physical/encoded=4.247x encoded/compressed=1.158x physical/compressed=4.919x source-reference=9.57 MiB
  RegionID: type=int32 configured=rle-dict metadata=PLAIN, RLE_DICTIONARY physical=3.81 MiB encoded=426.13 KiB compressed=242.38 KiB physical/encoded=9.167x encoded/compressed=1.758x physical/compressed=16.117x source-reference=2.42 MiB
  UserID: type=int64 configured=rle-dict metadata=PLAIN, RLE_DICTIONARY physical=7.63 MiB encoded=1.17 MiB compressed=1.06 MiB physical/encoded=6.518x encoded/compressed=1.109x physical/compressed=7.228x source-reference=17.77 MiB
  CounterClass: type=int16 configured=rle-dict metadata=PLAIN, RLE_DICTIONARY physical=3.81 MiB encoded=5.09 KiB compressed=6.14 KiB physical/encoded=767.460x encoded/compressed=0.828x physical/compressed=635.728x source-reference=976.56 KiB
  OS: type=int16 configured=rle-dict metadata=PLAIN, RLE_DICTIONARY physical=3.81 MiB encoded=224.74 KiB compressed=118.96 KiB physical/encoded=17.381x encoded/compressed=1.889x physical/compressed=32.838x source-reference=1.65 MiB
  UserAgent: type=int16 configured=rle-dict metadata=PLAIN, RLE_DICTIONARY physical=3.81 MiB encoded=219.62 KiB compressed=122.98 KiB physical/encoded=17.786x encoded/compressed=1.786x physical/compressed=31.764x source-reference=1.04 MiB
  URL: type=string configured=rle-dict metadata=PLAIN, RLE_DICTIONARY physical=84.46 MiB encoded=42.03 MiB compressed=12.12 MiB physical/encoded=2.010x encoded/compressed=3.468x physical/compressed=6.969x source-reference=84.46 MiB
  Referer: type=string configured=rle-dict metadata=PLAIN, RLE_DICTIONARY physical=75.90 MiB encoded=32.80 MiB compressed=11.21 MiB physical/encoded=2.314x encoded/compressed=2.927x physical/compressed=6.772x source-reference=75.90 MiB
  IsRefresh: type=int16 configured=rle-dict metadata=PLAIN, RLE_DICTIONARY physical=3.81 MiB encoded=90.64 KiB compressed=82.13 KiB physical/encoded=43.096x encoded/compressed=1.104x physical/compressed=47.561x source-reference=976.56 KiB
  RefererCategoryID: type=int16 configured=rle-dict metadata=PLAIN, RLE_DICTIONARY physical=3.81 MiB encoded=500.08 KiB compressed=211.02 KiB physical/encoded=7.811x encoded/compressed=2.370x physical/compressed=18.511x source-reference=4.42 MiB
  RefererRegionID: type=int32 configured=rle-dict metadata=PLAIN, RLE_DICTIONARY physical=3.81 MiB encoded=366.18 KiB compressed=161.35 KiB physical/encoded=10.668x encoded/compressed=2.270x physical/compressed=24.210x source-reference=2.68 MiB
  URLCategoryID: type=int16 configured=rle-dict metadata=PLAIN, RLE_DICTIONARY physical=3.81 MiB encoded=155.86 KiB compressed=70.51 KiB physical/encoded=25.063x encoded/compressed=2.210x physical/compressed=55.398x source-reference=4.32 MiB
  URLRegionID: type=int32 configured=rle-dict metadata=PLAIN, RLE_DICTIONARY physical=3.81 MiB encoded=72.49 KiB compressed=39.74 KiB physical/encoded=53.890x encoded/compressed=1.824x physical/compressed=98.287x source-reference=2.84 MiB
  ResolutionWidth: type=int16 configured=rle-dict metadata=PLAIN, RLE_DICTIONARY physical=3.81 MiB encoded=360.39 KiB compressed=200.85 KiB physical/encoded=10.839x encoded/compressed=1.794x physical/compressed=19.449x source-reference=3.78 MiB
  ResolutionHeight: type=int16 configured=rle-dict metadata=PLAIN, RLE_DICTIONARY physical=3.81 MiB encoded=364.31 KiB compressed=203.47 KiB physical/encoded=10.722x encoded/compressed=1.791x physical/compressed=19.198x source-reference=3.25 MiB
  ResolutionDepth: type=int16 configured=rle-dict metadata=PLAIN, RLE_DICTIONARY physical=3.81 MiB encoded=108.96 KiB compressed=61.27 KiB physical/encoded=35.849x encoded/compressed=1.779x physical/compressed=63.759x source-reference=1.90 MiB
  FlashMajor: type=int16 configured=rle-dict metadata=PLAIN, RLE_DICTIONARY physical=3.81 MiB encoded=85.72 KiB compressed=48.01 KiB physical/encoded=45.572x encoded/compressed=1.785x physical/compressed=81.360x source-reference=1.83 MiB
  FlashMinor: type=int16 configured=rle-dict metadata=PLAIN, RLE_DICTIONARY physical=3.81 MiB encoded=210.06 KiB compressed=111.68 KiB physical/encoded=18.596x encoded/compressed=1.881x physical/compressed=34.978x source-reference=1.26 MiB
  FlashMinor2: type=string configured=rle-dict metadata=PLAIN, RLE_DICTIONARY physical=3.20 MiB encoded=260.54 KiB compressed=143.21 KiB physical/encoded=12.573x encoded/compressed=1.819x physical/compressed=22.875x source-reference=3.20 MiB
  NetMajor: type=int16 configured=rle-dict metadata=PLAIN, RLE_DICTIONARY physical=3.81 MiB encoded=35.97 KiB compressed=25.69 KiB physical/encoded=108.595x encoded/compressed=1.400x physical/compressed=152.068x source-reference=976.56 KiB
  NetMinor: type=int16 configured=rle-dict metadata=PLAIN, RLE_DICTIONARY physical=3.81 MiB encoded=32.61 KiB compressed=23.44 KiB physical/encoded=119.782x encoded/compressed=1.391x physical/compressed=166.660x source-reference=976.56 KiB
  UserAgentMajor: type=int16 configured=rle-dict metadata=PLAIN, RLE_DICTIONARY physical=3.81 MiB encoded=270.15 KiB compressed=175.94 KiB physical/encoded=14.459x encoded/compressed=1.535x physical/compressed=22.202x source-reference=1.80 MiB
  UserAgentMinor: type=string configured=rle-dict metadata=PLAIN, RLE_DICTIONARY physical=3.59 MiB encoded=147.23 KiB compressed=82.01 KiB physical/encoded=24.990x encoded/compressed=1.795x physical/compressed=44.861x source-reference=3.60 MiB
  CookieEnable: type=int16 configured=rle-dict metadata=PLAIN, RLE_DICTIONARY physical=3.81 MiB encoded=6.19 KiB compressed=7.25 KiB physical/encoded=630.616x encoded/compressed=0.854x physical/compressed=538.721x source-reference=976.56 KiB
  JavascriptEnable: type=int16 configured=rle-dict metadata=PLAIN, RLE_DICTIONARY physical=3.81 MiB encoded=6.50 KiB compressed=7.56 KiB physical/encoded=600.781x encoded/compressed=0.860x physical/compressed=516.796x source-reference=976.56 KiB
  IsMobile: type=int16 configured=rle-dict metadata=PLAIN, RLE_DICTIONARY physical=3.81 MiB encoded=29.48 KiB compressed=24.19 KiB physical/encoded=132.485x encoded/compressed=1.219x physical/compressed=161.486x source-reference=976.56 KiB
  MobilePhone: type=int16 configured=rle-dict metadata=PLAIN, RLE_DICTIONARY physical=3.81 MiB encoded=33.66 KiB compressed=23.64 KiB physical/encoded=116.060x encoded/compressed=1.423x physical/compressed=165.207x source-reference=978.44 KiB
  MobilePhoneModel: type=string configured=rle-dict metadata=PLAIN, RLE_DICTIONARY physical=79.67 KiB encoded=24.46 KiB compressed=20.14 KiB physical/encoded=3.257x encoded/compressed=1.215x physical/compressed=3.957x source-reference=79.67 KiB
  Params: type=string configured=rle-dict metadata=PLAIN, RLE_DICTIONARY physical=0 B encoded=4.15 KiB compressed=5.21 KiB physical/encoded=0.000x encoded/compressed=0.797x physical/compressed=0.000x source-reference=0 B
  IPNetworkID: type=int32 configured=rle-dict metadata=PLAIN, RLE_DICTIONARY physical=3.81 MiB encoded=730.45 KiB compressed=608.85 KiB physical/encoded=5.348x encoded/compressed=1.200x physical/compressed=6.416x source-reference=6.55 MiB
  TraficSourceID: type=int16 configured=rle-dict metadata=PLAIN, RLE_DICTIONARY physical=3.81 MiB encoded=283.03 KiB compressed=174.19 KiB physical/encoded=13.801x encoded/compressed=1.625x physical/compressed=22.425x source-reference=1.65 MiB
  SearchEngineID: type=int16 configured=rle-dict metadata=PLAIN, RLE_DICTIONARY physical=3.81 MiB encoded=163.79 KiB compressed=75.13 KiB physical/encoded=23.850x encoded/compressed=2.180x physical/compressed=51.991x source-reference=982.98 KiB
  SearchPhrase: type=string configured=rle-dict metadata=PLAIN, RLE_DICTIONARY physical=3.36 MiB encoded=1.57 MiB compressed=621.35 KiB physical/encoded=2.149x encoded/compressed=2.580x physical/compressed=5.545x source-reference=3.36 MiB
  AdvEngineID: type=int16 configured=rle-dict metadata=PLAIN, RLE_DICTIONARY physical=3.81 MiB encoded=34.30 KiB compressed=22.70 KiB physical/encoded=113.876x encoded/compressed=1.511x physical/compressed=172.050x source-reference=981.08 KiB
  IsArtifical: type=int16 configured=rle-dict metadata=PLAIN, RLE_DICTIONARY physical=3.81 MiB encoded=79.42 KiB compressed=80.50 KiB physical/encoded=49.188x encoded/compressed=0.986x physical/compressed=48.522x source-reference=976.56 KiB
  WindowClientWidth: type=int16 configured=rle-dict metadata=PLAIN, RLE_DICTIONARY physical=3.81 MiB encoded=680.86 KiB compressed=464.79 KiB physical/encoded=5.737x encoded/compressed=1.465x physical/compressed=8.404x source-reference=3.65 MiB
  WindowClientHeight: type=int16 configured=rle-dict metadata=PLAIN, RLE_DICTIONARY physical=3.81 MiB encoded=735.03 KiB compressed=578.11 KiB physical/encoded=5.314x encoded/compressed=1.271x physical/compressed=6.757x source-reference=2.91 MiB
  ClientTimeZone: type=int16 configured=rle-dict metadata=PLAIN, RLE_DICTIONARY physical=3.81 MiB encoded=159.73 KiB compressed=83.54 KiB physical/encoded=24.456x encoded/compressed=1.912x physical/compressed=46.761x source-reference=2.85 MiB
  ClientEventTime: type=timestamp_millis configured=rle-dict metadata=PLAIN, RLE_DICTIONARY physical=7.63 MiB encoded=6.88 MiB compressed=3.78 MiB physical/encoded=1.109x encoded/compressed=1.821x physical/compressed=2.021x source-reference=18.12 MiB
  SilverlightVersion1: type=int16 configured=rle-dict metadata=PLAIN, RLE_DICTIONARY physical=3.81 MiB encoded=152.92 KiB compressed=82.79 KiB physical/encoded=25.544x encoded/compressed=1.847x physical/compressed=47.185x source-reference=976.58 KiB
  SilverlightVersion2: type=int16 configured=rle-dict metadata=PLAIN, RLE_DICTIONARY physical=3.81 MiB encoded=87.17 KiB compressed=55.45 KiB physical/encoded=44.813x encoded/compressed=1.572x physical/compressed=70.452x source-reference=976.56 KiB
  SilverlightVersion3: type=int32 configured=rle-dict metadata=PLAIN, RLE_DICTIONARY physical=3.81 MiB encoded=226.01 KiB compressed=121.97 KiB physical/encoded=17.283x encoded/compressed=1.853x physical/compressed=32.025x source-reference=2.60 MiB
  SilverlightVersion4: type=int16 configured=rle-dict metadata=PLAIN, RLE_DICTIONARY physical=3.81 MiB encoded=5.20 KiB compressed=6.25 KiB physical/encoded=751.738x encoded/compressed=0.831x physical/compressed=624.902x source-reference=976.56 KiB
  PageCharset: type=string configured=rle-dict metadata=PLAIN, RLE_DICTIONARY physical=12.96 MiB encoded=8.72 KiB compressed=9.78 KiB physical/encoded=1521.597x encoded/compressed=0.892x physical/compressed=1357.157x source-reference=12.96 MiB
  CodeVersion: type=int32 configured=rle-dict metadata=PLAIN, RLE_DICTIONARY physical=3.81 MiB encoded=7.06 KiB compressed=8.12 KiB physical/encoded=553.097x encoded/compressed=0.870x physical/compressed=481.116x source-reference=3.81 MiB
  IsLink: type=int16 configured=rle-dict metadata=PLAIN, RLE_DICTIONARY physical=3.81 MiB encoded=53.13 KiB compressed=36.15 KiB physical/encoded=73.519x encoded/compressed=1.470x physical/compressed=108.050x source-reference=976.56 KiB
  IsDownload: type=int16 configured=rle-dict metadata=PLAIN, RLE_DICTIONARY physical=3.81 MiB encoded=8.38 KiB compressed=9.37 KiB physical/encoded=466.200x encoded/compressed=0.894x physical/compressed=416.840x source-reference=976.56 KiB
  IsNotBounce: type=int16 configured=rle-dict metadata=PLAIN, RLE_DICTIONARY physical=3.81 MiB encoded=16.20 KiB compressed=17.27 KiB physical/encoded=241.066x encoded/compressed=0.939x physical/compressed=226.244x source-reference=976.56 KiB
  FUniqID: type=int64 configured=rle-dict metadata=PLAIN, RLE_DICTIONARY physical=7.63 MiB encoded=1.13 MiB compressed=1.02 MiB physical/encoded=6.746x encoded/compressed=1.113x physical/compressed=7.510x source-reference=17.24 MiB
  OriginalURL: type=string configured=rle-dict metadata=PLAIN, RLE_DICTIONARY physical=26.51 MiB encoded=20.28 MiB compressed=4.66 MiB physical/encoded=1.307x encoded/compressed=4.352x physical/compressed=5.688x source-reference=26.51 MiB
  HID: type=int32 configured=rle-dict metadata=PLAIN, RLE_DICTIONARY physical=3.81 MiB encoded=4.28 MiB compressed=4.28 MiB physical/encoded=0.891x encoded/compressed=1.000x physical/compressed=0.890x source-reference=8.54 MiB
  IsOldCounter: type=int16 configured=rle-dict metadata=PLAIN, RLE_DICTIONARY physical=3.81 MiB encoded=5.09 KiB compressed=6.14 KiB physical/encoded=767.460x encoded/compressed=0.828x physical/compressed=635.728x source-reference=976.56 KiB
  IsEvent: type=int16 configured=rle-dict metadata=PLAIN, RLE_DICTIONARY physical=3.81 MiB encoded=5.09 KiB compressed=6.14 KiB physical/encoded=767.460x encoded/compressed=0.828x physical/compressed=635.728x source-reference=976.56 KiB
  IsParameter: type=int16 configured=rle-dict metadata=PLAIN, RLE_DICTIONARY physical=3.81 MiB encoded=5.09 KiB compressed=6.14 KiB physical/encoded=767.460x encoded/compressed=0.828x physical/compressed=635.728x source-reference=976.56 KiB
  DontCountHits: type=int16 configured=rle-dict metadata=PLAIN, RLE_DICTIONARY physical=3.81 MiB encoded=64.50 KiB compressed=49.32 KiB physical/encoded=60.560x encoded/compressed=1.308x physical/compressed=79.206x source-reference=976.56 KiB
  WithHash: type=int16 configured=rle-dict metadata=PLAIN, RLE_DICTIONARY physical=3.81 MiB encoded=5.09 KiB compressed=6.14 KiB physical/encoded=767.460x encoded/compressed=0.828x physical/compressed=635.728x source-reference=976.56 KiB
  HitColor: type=string configured=rle-dict metadata=PLAIN, RLE_DICTIONARY physical=976.56 KiB encoded=32.82 KiB compressed=24.47 KiB physical/encoded=29.758x encoded/compressed=1.341x physical/compressed=39.914x source-reference=976.56 KiB
  LocalEventTime: type=timestamp_millis configured=rle-dict metadata=PLAIN, RLE_DICTIONARY physical=7.63 MiB encoded=7.02 MiB compressed=3.84 MiB physical/encoded=1.087x encoded/compressed=1.828x physical/compressed=1.988x source-reference=18.12 MiB
  Age: type=int16 configured=rle-dict metadata=PLAIN, RLE_DICTIONARY physical=3.81 MiB encoded=181.95 KiB compressed=116.10 KiB physical/encoded=21.469x encoded/compressed=1.567x physical/compressed=33.647x source-reference=1.66 MiB
  Sex: type=int16 configured=rle-dict metadata=PLAIN, RLE_DICTIONARY physical=3.81 MiB encoded=130.62 KiB compressed=78.93 KiB physical/encoded=29.907x encoded/compressed=1.655x physical/compressed=49.488x source-reference=976.56 KiB
  Income: type=int16 configured=rle-dict metadata=PLAIN, RLE_DICTIONARY physical=3.81 MiB encoded=139.36 KiB compressed=87.32 KiB physical/encoded=28.031x encoded/compressed=1.596x physical/compressed=44.736x source-reference=976.56 KiB
  Interests: type=int16 configured=rle-dict metadata=PLAIN, RLE_DICTIONARY physical=3.81 MiB encoded=474.99 KiB compressed=302.96 KiB physical/encoded=8.224x encoded/compressed=1.568x physical/compressed=12.894x source-reference=2.08 MiB
  Robotness: type=int16 configured=rle-dict metadata=PLAIN, RLE_DICTIONARY physical=3.81 MiB encoded=405.42 KiB compressed=237.32 KiB physical/encoded=9.635x encoded/compressed=1.708x physical/compressed=16.460x source-reference=1.36 MiB
  RemoteIP: type=int32 configured=rle-dict metadata=PLAIN, RLE_DICTIONARY physical=3.81 MiB encoded=907.21 KiB compressed=684.58 KiB physical/encoded=4.306x encoded/compressed=1.325x physical/compressed=5.706x source-reference=9.55 MiB
  WindowName: type=int32 configured=rle-dict metadata=PLAIN, RLE_DICTIONARY physical=3.81 MiB encoded=167.40 KiB compressed=145.49 KiB physical/encoded=23.335x encoded/compressed=1.151x physical/compressed=26.849x source-reference=2.10 MiB
  OpenerName: type=int32 configured=rle-dict metadata=PLAIN, RLE_DICTIONARY physical=3.81 MiB encoded=5.09 KiB compressed=6.14 KiB physical/encoded=767.460x encoded/compressed=0.828x physical/compressed=635.728x source-reference=1.91 MiB
  HistoryLength: type=int16 configured=rle-dict metadata=PLAIN, RLE_DICTIONARY physical=3.81 MiB encoded=67.12 KiB compressed=49.87 KiB physical/encoded=58.197x encoded/compressed=1.346x physical/compressed=78.322x source-reference=1.85 MiB
  BrowserLanguage: type=string configured=rle-dict metadata=PLAIN, RLE_DICTIONARY physical=1.91 MiB encoded=41.60 KiB compressed=27.12 KiB physical/encoded=46.977x encoded/compressed=1.534x physical/compressed=72.055x source-reference=1.91 MiB
  BrowserCountry: type=string configured=rle-dict metadata=PLAIN, RLE_DICTIONARY physical=3.17 MiB encoded=133.84 KiB compressed=68.04 KiB physical/encoded=24.262x encoded/compressed=1.967x physical/compressed=47.728x source-reference=3.80 MiB
  SocialNetwork: type=string configured=rle-dict metadata=PLAIN, RLE_DICTIONARY physical=0 B encoded=4.15 KiB compressed=5.21 KiB physical/encoded=0.000x encoded/compressed=0.797x physical/compressed=0.000x source-reference=0 B
  SocialAction: type=string configured=rle-dict metadata=PLAIN, RLE_DICTIONARY physical=0 B encoded=4.15 KiB compressed=5.21 KiB physical/encoded=0.000x encoded/compressed=0.797x physical/compressed=0.000x source-reference=0 B
  HTTPError: type=int16 configured=rle-dict metadata=PLAIN, RLE_DICTIONARY physical=3.81 MiB encoded=5.09 KiB compressed=6.14 KiB physical/encoded=767.460x encoded/compressed=0.828x physical/compressed=635.728x source-reference=976.56 KiB
  SendTiming: type=int32 configured=rle-dict metadata=PLAIN, RLE_DICTIONARY physical=3.81 MiB encoded=117.19 KiB compressed=78.25 KiB physical/encoded=33.333x encoded/compressed=1.498x physical/compressed=49.922x source-reference=1011.59 KiB
  DNSTiming: type=int32 configured=rle-dict metadata=PLAIN, RLE_DICTIONARY physical=3.81 MiB encoded=334.61 KiB compressed=154.66 KiB physical/encoded=11.674x encoded/compressed=2.164x physical/compressed=25.258x source-reference=1002.88 KiB
  ConnectTiming: type=int32 configured=rle-dict metadata=PLAIN, RLE_DICTIONARY physical=3.81 MiB encoded=685.44 KiB compressed=371.47 KiB physical/encoded=5.699x encoded/compressed=1.845x physical/compressed=10.516x source-reference=1.09 MiB
  ResponseStartTiming: type=int32 configured=rle-dict metadata=PLAIN, RLE_DICTIONARY physical=3.81 MiB encoded=1.73 MiB compressed=1.51 MiB physical/encoded=2.207x encoded/compressed=1.141x physical/compressed=2.519x source-reference=2.18 MiB
  ResponseEndTiming: type=int32 configured=rle-dict metadata=PLAIN, RLE_DICTIONARY physical=3.81 MiB encoded=1.30 MiB compressed=1.01 MiB physical/encoded=2.934x encoded/compressed=1.290x physical/compressed=3.785x source-reference=1.50 MiB
  FetchTiming: type=int32 configured=rle-dict metadata=PLAIN, RLE_DICTIONARY physical=3.81 MiB encoded=1.08 MiB compressed=679.46 KiB physical/encoded=3.526x encoded/compressed=1.631x physical/compressed=5.749x source-reference=1.21 MiB
  SocialSourceNetworkID: type=int16 configured=rle-dict metadata=PLAIN, RLE_DICTIONARY physical=3.81 MiB encoded=6.00 KiB compressed=7.05 KiB physical/encoded=651.148x encoded/compressed=0.850x physical/compressed=553.787x source-reference=976.62 KiB
  SocialSourcePage: type=string configured=rle-dict metadata=PLAIN, RLE_DICTIONARY physical=1.00 KiB encoded=5.72 KiB compressed=6.78 KiB physical/encoded=0.175x encoded/compressed=0.844x physical/compressed=0.148x source-reference=1.00 KiB
  ParamPrice: type=int64 configured=rle-dict metadata=PLAIN, RLE_DICTIONARY physical=7.63 MiB encoded=6.26 KiB compressed=7.32 KiB physical/encoded=1247.661x encoded/compressed=0.856x physical/compressed=1067.806x source-reference=976.56 KiB
  ParamOrderID: type=string configured=rle-dict metadata=PLAIN, RLE_DICTIONARY physical=0 B encoded=4.15 KiB compressed=5.21 KiB physical/encoded=0.000x encoded/compressed=0.797x physical/compressed=0.000x source-reference=0 B
  ParamCurrency: type=string configured=rle-dict metadata=PLAIN, RLE_DICTIONARY physical=2.86 MiB encoded=5.03 KiB compressed=6.09 KiB physical/encoded=582.298x encoded/compressed=0.827x physical/compressed=481.386x source-reference=2.86 MiB
  ParamCurrencyID: type=int16 configured=rle-dict metadata=PLAIN, RLE_DICTIONARY physical=3.81 MiB encoded=5.09 KiB compressed=6.14 KiB physical/encoded=767.460x encoded/compressed=0.828x physical/compressed=635.728x source-reference=976.56 KiB
  OpenstatServiceName: type=string configured=rle-dict metadata=PLAIN, RLE_DICTIONARY physical=56.67 KiB encoded=18.16 KiB compressed=17.40 KiB physical/encoded=3.121x encoded/compressed=1.043x physical/compressed=3.257x source-reference=56.67 KiB
  OpenstatCampaignID: type=string configured=rle-dict metadata=PLAIN, RLE_DICTIONARY physical=21.53 KiB encoded=16.01 KiB compressed=15.52 KiB physical/encoded=1.345x encoded/compressed=1.031x physical/compressed=1.387x source-reference=21.53 KiB
  OpenstatAdID: type=string configured=rle-dict metadata=PLAIN, RLE_DICTIONARY physical=24.85 KiB encoded=22.16 KiB compressed=17.97 KiB physical/encoded=1.122x encoded/compressed=1.233x physical/compressed=1.383x source-reference=24.85 KiB
  OpenstatSourceID: type=string configured=rle-dict metadata=PLAIN, RLE_DICTIONARY physical=47.06 KiB encoded=14.48 KiB compressed=12.63 KiB physical/encoded=3.250x encoded/compressed=1.147x physical/compressed=3.727x source-reference=47.06 KiB
  UTMSource: type=string configured=rle-dict metadata=PLAIN, RLE_DICTIONARY physical=48.27 KiB encoded=22.03 KiB compressed=18.04 KiB physical/encoded=2.191x encoded/compressed=1.221x physical/compressed=2.676x source-reference=48.27 KiB
  UTMMedium: type=string configured=rle-dict metadata=PLAIN, RLE_DICTIONARY physical=16.48 KiB encoded=16.17 KiB compressed=14.16 KiB physical/encoded=1.019x encoded/compressed=1.142x physical/compressed=1.164x source-reference=16.48 KiB
  UTMCampaign: type=string configured=rle-dict metadata=PLAIN, RLE_DICTIONARY physical=89.72 KiB encoded=36.53 KiB compressed=26.75 KiB physical/encoded=2.456x encoded/compressed=1.365x physical/compressed=3.353x source-reference=89.72 KiB
  UTMContent: type=string configured=rle-dict metadata=PLAIN, RLE_DICTIONARY physical=12.70 KiB encoded=14.54 KiB compressed=14.75 KiB physical/encoded=0.873x encoded/compressed=0.986x physical/compressed=0.861x source-reference=12.70 KiB
  UTMTerm: type=string configured=rle-dict metadata=PLAIN, RLE_DICTIONARY physical=27.44 KiB encoded=16.24 KiB compressed=15.78 KiB physical/encoded=1.690x encoded/compressed=1.029x physical/compressed=1.739x source-reference=27.44 KiB
  FromTag: type=string configured=rle-dict metadata=PLAIN, RLE_DICTIONARY physical=44.54 KiB encoded=39.95 KiB compressed=22.29 KiB physical/encoded=1.115x encoded/compressed=1.793x physical/compressed=1.998x source-reference=44.54 KiB
  HasGCLID: type=int16 configured=rle-dict metadata=PLAIN, RLE_DICTIONARY physical=3.81 MiB encoded=21.09 KiB compressed=16.62 KiB physical/encoded=185.245x encoded/compressed=1.269x physical/compressed=235.031x source-reference=976.56 KiB
  RefererHash: type=int64 configured=rle-dict metadata=PLAIN, RLE_DICTIONARY physical=7.63 MiB encoded=3.60 MiB compressed=3.37 MiB physical/encoded=2.117x encoded/compressed=1.070x physical/compressed=2.266x source-reference=18.45 MiB
  URLHash: type=int64 configured=rle-dict metadata=PLAIN, RLE_DICTIONARY physical=7.63 MiB encoded=4.41 MiB compressed=4.35 MiB physical/encoded=1.732x encoded/compressed=1.013x physical/compressed=1.755x source-reference=18.45 MiB
  CLID: type=int32 configured=rle-dict metadata=PLAIN, RLE_DICTIONARY physical=3.81 MiB encoded=6.01 KiB compressed=7.06 KiB physical/encoded=649.984x encoded/compressed=0.851x physical/compressed=552.944x source-reference=976.93 KiB
  encoding_experiment/page-256kib-rgsize-10mib-file-10mib-dictpage-256kib/1000000_rows/parquet/page_encoding_distribution/rle-dict-zstd/part-00000.parquet: 35833 rows, file=2.55 MiB, physical=26.54 MiB, encoded=5.50 MiB, compressed-data=2.52 MiB
  encoding_experiment/page-256kib-rgsize-10mib-file-10mib-dictpage-256kib/1000000_rows/parquet/page_encoding_distribution/rle-dict-zstd/part-00001.parquet: 36032 rows, file=2.53 MiB, physical=26.40 MiB, encoded=5.40 MiB, compressed-data=2.50 MiB
  encoding_experiment/page-256kib-rgsize-10mib-file-10mib-dictpage-256kib/1000000_rows/parquet/page_encoding_distribution/rle-dict-zstd/part-00002.parquet: 35778 rows, file=2.56 MiB, physical=26.72 MiB, encoded=5.50 MiB, compressed-data=2.52 MiB
  encoding_experiment/page-256kib-rgsize-10mib-file-10mib-dictpage-256kib/1000000_rows/parquet/page_encoding_distribution/rle-dict-zstd/part-00003.parquet: 35978 rows, file=2.52 MiB, physical=26.58 MiB, encoded=5.43 MiB, compressed-data=2.49 MiB
  encoding_experiment/page-256kib-rgsize-10mib-file-10mib-dictpage-256kib/1000000_rows/parquet/page_encoding_distribution/rle-dict-zstd/part-00004.parquet: 36033 rows, file=2.52 MiB, physical=26.71 MiB, encoded=5.37 MiB, compressed-data=2.48 MiB
  encoding_experiment/page-256kib-rgsize-10mib-file-10mib-dictpage-256kib/1000000_rows/parquet/page_encoding_distribution/rle-dict-zstd/part-00005.parquet: 36243 rows, file=2.51 MiB, physical=26.51 MiB, encoded=5.34 MiB, compressed-data=2.48 MiB
  encoding_experiment/page-256kib-rgsize-10mib-file-10mib-dictpage-256kib/1000000_rows/parquet/page_encoding_distribution/rle-dict-zstd/part-00006.parquet: 35996 rows, file=2.53 MiB, physical=26.58 MiB, encoded=5.42 MiB, compressed-data=2.50 MiB
  encoding_experiment/page-256kib-rgsize-10mib-file-10mib-dictpage-256kib/1000000_rows/parquet/page_encoding_distribution/rle-dict-zstd/part-00007.parquet: 36014 rows, file=2.53 MiB, physical=26.58 MiB, encoded=5.41 MiB, compressed-data=2.50 MiB
  encoding_experiment/page-256kib-rgsize-10mib-file-10mib-dictpage-256kib/1000000_rows/parquet/page_encoding_distribution/rle-dict-zstd/part-00008.parquet: 36158 rows, file=2.49 MiB, physical=26.72 MiB, encoded=5.34 MiB, compressed-data=2.46 MiB
  encoding_experiment/page-256kib-rgsize-10mib-file-10mib-dictpage-256kib/1000000_rows/parquet/page_encoding_distribution/rle-dict-zstd/part-00009.parquet: 35976 rows, file=2.53 MiB, physical=26.46 MiB, encoded=5.42 MiB, compressed-data=2.50 MiB
  encoding_experiment/page-256kib-rgsize-10mib-file-10mib-dictpage-256kib/1000000_rows/parquet/page_encoding_distribution/rle-dict-zstd/part-00010.parquet: 36202 rows, file=2.49 MiB, physical=26.56 MiB, encoded=5.34 MiB, compressed-data=2.46 MiB
  encoding_experiment/page-256kib-rgsize-10mib-file-10mib-dictpage-256kib/1000000_rows/parquet/page_encoding_distribution/rle-dict-zstd/part-00011.parquet: 36371 rows, file=2.47 MiB, physical=26.75 MiB, encoded=5.29 MiB, compressed-data=2.44 MiB
  encoding_experiment/page-256kib-rgsize-10mib-file-10mib-dictpage-256kib/1000000_rows/parquet/page_encoding_distribution/rle-dict-zstd/part-00012.parquet: 36207 rows, file=2.51 MiB, physical=26.47 MiB, encoded=5.37 MiB, compressed-data=2.48 MiB
  encoding_experiment/page-256kib-rgsize-10mib-file-10mib-dictpage-256kib/1000000_rows/parquet/page_encoding_distribution/rle-dict-zstd/part-00013.parquet: 35969 rows, file=2.51 MiB, physical=26.56 MiB, encoded=5.42 MiB, compressed-data=2.48 MiB
  encoding_experiment/page-256kib-rgsize-10mib-file-10mib-dictpage-256kib/1000000_rows/parquet/page_encoding_distribution/rle-dict-zstd/part-00014.parquet: 31592 rows, file=2.88 MiB, physical=20.92 MiB, encoded=7.12 MiB, compressed-data=2.85 MiB
  encoding_experiment/page-256kib-rgsize-10mib-file-10mib-dictpage-256kib/1000000_rows/parquet/page_encoding_distribution/rle-dict-zstd/part-00015.parquet: 30997 rows, file=2.90 MiB, physical=20.45 MiB, encoded=7.37 MiB, compressed-data=2.87 MiB
  encoding_experiment/page-256kib-rgsize-10mib-file-10mib-dictpage-256kib/1000000_rows/parquet/page_encoding_distribution/rle-dict-zstd/part-00016.parquet: 30795 rows, file=2.97 MiB, physical=20.10 MiB, encoded=7.33 MiB, compressed-data=2.94 MiB
  encoding_experiment/page-256kib-rgsize-10mib-file-10mib-dictpage-256kib/1000000_rows/parquet/page_encoding_distribution/rle-dict-zstd/part-00017.parquet: 31613 rows, file=3.07 MiB, physical=19.25 MiB, encoded=6.84 MiB, compressed-data=3.04 MiB
  encoding_experiment/page-256kib-rgsize-10mib-file-10mib-dictpage-256kib/1000000_rows/parquet/page_encoding_distribution/rle-dict-zstd/part-00018.parquet: 31245 rows, file=3.07 MiB, physical=19.31 MiB, encoded=6.98 MiB, compressed-data=3.04 MiB
  encoding_experiment/page-256kib-rgsize-10mib-file-10mib-dictpage-256kib/1000000_rows/parquet/page_encoding_distribution/rle-dict-zstd/part-00019.parquet: 31123 rows, file=3.11 MiB, physical=19.12 MiB, encoded=6.98 MiB, compressed-data=3.08 MiB
  encoding_experiment/page-256kib-rgsize-10mib-file-10mib-dictpage-256kib/1000000_rows/parquet/page_encoding_distribution/rle-dict-zstd/part-00020.parquet: 31306 rows, file=3.08 MiB, physical=19.15 MiB, encoded=6.95 MiB, compressed-data=3.05 MiB
  encoding_experiment/page-256kib-rgsize-10mib-file-10mib-dictpage-256kib/1000000_rows/parquet/page_encoding_distribution/rle-dict-zstd/part-00021.parquet: 31194 rows, file=3.10 MiB, physical=19.19 MiB, encoded=6.98 MiB, compressed-data=3.07 MiB
  encoding_experiment/page-256kib-rgsize-10mib-file-10mib-dictpage-256kib/1000000_rows/parquet/page_encoding_distribution/rle-dict-zstd/part-00022.parquet: 31647 rows, file=3.07 MiB, physical=19.26 MiB, encoded=6.86 MiB, compressed-data=3.04 MiB
  encoding_experiment/page-256kib-rgsize-10mib-file-10mib-dictpage-256kib/1000000_rows/parquet/page_encoding_distribution/rle-dict-zstd/part-00023.parquet: 31540 rows, file=3.05 MiB, physical=19.26 MiB, encoded=6.88 MiB, compressed-data=3.02 MiB
  encoding_experiment/page-256kib-rgsize-10mib-file-10mib-dictpage-256kib/1000000_rows/parquet/page_encoding_distribution/rle-dict-zstd/part-00024.parquet: 30970 rows, file=3.10 MiB, physical=19.25 MiB, encoded=7.08 MiB, compressed-data=3.07 MiB
  encoding_experiment/page-256kib-rgsize-10mib-file-10mib-dictpage-256kib/1000000_rows/parquet/page_encoding_distribution/rle-dict-zstd/part-00025.parquet: 31546 rows, file=3.08 MiB, physical=19.21 MiB, encoded=6.86 MiB, compressed-data=3.05 MiB
  encoding_experiment/page-256kib-rgsize-10mib-file-10mib-dictpage-256kib/1000000_rows/parquet/page_encoding_distribution/rle-dict-zstd/part-00026.parquet: 31752 rows, file=3.08 MiB, physical=19.30 MiB, encoded=6.84 MiB, compressed-data=3.05 MiB
  encoding_experiment/page-256kib-rgsize-10mib-file-10mib-dictpage-256kib/1000000_rows/parquet/page_encoding_distribution/rle-dict-zstd/part-00027.parquet: 31838 rows, file=3.06 MiB, physical=19.40 MiB, encoded=6.78 MiB, compressed-data=3.03 MiB
  encoding_experiment/page-256kib-rgsize-10mib-file-10mib-dictpage-256kib/1000000_rows/parquet/page_encoding_distribution/rle-dict-zstd/part-00028.parquet: 31854 rows, file=3.05 MiB, physical=19.23 MiB, encoded=6.80 MiB, compressed-data=3.02 MiB
  encoding_experiment/page-256kib-rgsize-10mib-file-10mib-dictpage-256kib/1000000_rows/parquet/page_encoding_distribution/rle-dict-zstd/part-00029.parquet: 24198 rows, file=2.38 MiB, physical=14.87 MiB, encoded=5.34 MiB, compressed-data=2.35 MiB
