wrote 10000 rows into 1 parquet file(s)
write elapsed: 280ms
source TSV bytes for rows, reference only: 8365486 (7.98 MiB)
parquet physical bytes before page encoding: 7711890 (7.35 MiB)
encoded column bytes before codec compression: 1637809 (1.56 MiB)
compressed column data bytes after codec compression: 751801 (734.18 KiB)
parquet file bytes: 769307 (751.28 KiB)
physical/encoded ratio: 4.709x
encoded/compressed-data ratio: 2.179x
physical/compressed-data ratio: 10.258x
physical/parquet-file ratio: 10.024x
max dictionary page size: 256.00 KiB
output dir: encoding_experiment/page-256kib-rgsize-10mib-file-10mib-dictpage-256kib/10000_rows/parquet/page_encoding_distribution/rle-dict-zstd
result file: encoding_experiment/page-256kib-rgsize-10mib-file-10mib-dictpage-256kib/10000_rows/results/page_encoding_distribution/configs/2026-07-05_rows-10000-comp-zstd-3-int-rle-dict-str-rle-dict-date-rle-dict-ts-rle-dict.md
writer stats JSON: encoding_experiment/page-256kib-rgsize-10mib-file-10mib-dictpage-256kib/10000_rows/results/page_encoding_distribution/stats/rle-dict-zstd_writer-stats.json
verification: passed, 10000 rows from 1 file(s), 75ms
columns:
  WatchID: type=int64 configured=rle-dict metadata=PLAIN, RLE_DICTIONARY physical=78.12 KiB encoded=95.32 KiB compressed=95.34 KiB physical/encoded=0.820x encoded/compressed=1.000x physical/compressed=0.819x source-reference=185.55 KiB
  JavaEnable: type=int16 configured=rle-dict metadata=PLAIN, RLE_DICTIONARY physical=39.06 KiB encoded=851 B compressed=585 B physical/encoded=47.004x encoded/compressed=1.455x physical/compressed=68.376x source-reference=9.77 KiB
  Title: type=string configured=rle-dict metadata=PLAIN, RLE_DICTIONARY physical=2.10 MiB encoded=532.67 KiB compressed=145.32 KiB physical/encoded=4.034x encoded/compressed=3.665x physical/compressed=14.788x source-reference=2.10 MiB
  GoodEvent: type=int16 configured=rle-dict metadata=PLAIN, RLE_DICTIONARY physical=39.06 KiB encoded=87 B compressed=105 B physical/encoded=459.770x encoded/compressed=0.829x physical/compressed=380.952x source-reference=9.77 KiB
  EventTime: type=timestamp_millis configured=rle-dict metadata=PLAIN, RLE_DICTIONARY physical=78.12 KiB encoded=57.29 KiB compressed=32.68 KiB physical/encoded=1.364x encoded/compressed=1.753x physical/compressed=2.390x source-reference=185.55 KiB
  EventDate: type=date configured=rle-dict metadata=PLAIN, RLE_DICTIONARY physical=39.06 KiB encoded=87 B compressed=105 B physical/encoded=459.770x encoded/compressed=0.829x physical/compressed=380.952x source-reference=97.66 KiB
  CounterID: type=int32 configured=rle-dict metadata=PLAIN, RLE_DICTIONARY physical=39.06 KiB encoded=101 B compressed=119 B physical/encoded=396.040x encoded/compressed=0.849x physical/compressed=336.134x source-reference=19.53 KiB
  ClientIP: type=int32 configured=rle-dict metadata=PLAIN, RLE_DICTIONARY physical=39.06 KiB encoded=8.02 KiB compressed=7.06 KiB physical/encoded=4.870x encoded/compressed=1.135x physical/compressed=5.530x source-reference=97.93 KiB
  RegionID: type=int32 configured=rle-dict metadata=PLAIN, RLE_DICTIONARY physical=39.06 KiB encoded=3.60 KiB compressed=2.55 KiB physical/encoded=10.849x encoded/compressed=1.414x physical/compressed=15.337x source-reference=23.89 KiB
  UserID: type=int64 configured=rle-dict metadata=PLAIN, RLE_DICTIONARY physical=78.12 KiB encoded=10.70 KiB compressed=9.78 KiB physical/encoded=7.305x encoded/compressed=1.093x physical/compressed=7.986x source-reference=195.30 KiB
  CounterClass: type=int16 configured=rle-dict metadata=PLAIN, RLE_DICTIONARY physical=39.06 KiB encoded=87 B compressed=105 B physical/encoded=459.770x encoded/compressed=0.829x physical/compressed=380.952x source-reference=9.77 KiB
  OS: type=int16 configured=rle-dict metadata=PLAIN, RLE_DICTIONARY physical=39.06 KiB encoded=2.27 KiB compressed=1.32 KiB physical/encoded=17.197x encoded/compressed=1.718x physical/compressed=29.542x source-reference=15.75 KiB
  UserAgent: type=int16 configured=rle-dict metadata=PLAIN, RLE_DICTIONARY physical=39.06 KiB encoded=2.24 KiB compressed=1.44 KiB physical/encoded=17.406x encoded/compressed=1.563x physical/compressed=27.211x source-reference=11.05 KiB
  URL: type=string configured=rle-dict metadata=PLAIN, RLE_DICTIONARY physical=742.20 KiB encoded=241.29 KiB compressed=71.71 KiB physical/encoded=3.076x encoded/compressed=3.365x physical/compressed=10.351x source-reference=742.21 KiB
  Referer: type=string configured=rle-dict metadata=PLAIN, RLE_DICTIONARY physical=779.10 KiB encoded=228.45 KiB compressed=80.88 KiB physical/encoded=3.410x encoded/compressed=2.825x physical/compressed=9.633x source-reference=779.12 KiB
  IsRefresh: type=int16 configured=rle-dict metadata=PLAIN, RLE_DICTIONARY physical=39.06 KiB encoded=1.32 KiB compressed=1.34 KiB physical/encoded=29.564x encoded/compressed=0.986x physical/compressed=29.155x source-reference=9.77 KiB
  RefererCategoryID: type=int16 configured=rle-dict metadata=PLAIN, RLE_DICTIONARY physical=39.06 KiB encoded=4.23 KiB compressed=2.15 KiB physical/encoded=9.238x encoded/compressed=1.965x physical/compressed=18.149x source-reference=46.21 KiB
  RefererRegionID: type=int32 configured=rle-dict metadata=PLAIN, RLE_DICTIONARY physical=39.06 KiB encoded=3.53 KiB compressed=1.72 KiB physical/encoded=11.062x encoded/compressed=2.050x physical/compressed=22.676x source-reference=27.92 KiB
  URLCategoryID: type=int16 configured=rle-dict metadata=PLAIN, RLE_DICTIONARY physical=39.06 KiB encoded=546 B compressed=418 B physical/encoded=73.260x encoded/compressed=1.306x physical/compressed=95.694x source-reference=48.27 KiB
  URLRegionID: type=int32 configured=rle-dict metadata=PLAIN, RLE_DICTIONARY physical=39.06 KiB encoded=558 B compressed=448 B physical/encoded=71.685x encoded/compressed=1.246x physical/compressed=89.286x source-reference=28.85 KiB
  ResolutionWidth: type=int16 configured=rle-dict metadata=PLAIN, RLE_DICTIONARY physical=39.06 KiB encoded=3.20 KiB compressed=2.10 KiB physical/encoded=12.203x encoded/compressed=1.523x physical/compressed=18.587x source-reference=38.18 KiB
  ResolutionHeight: type=int16 configured=rle-dict metadata=PLAIN, RLE_DICTIONARY physical=39.06 KiB encoded=3.16 KiB compressed=2.04 KiB physical/encoded=12.365x encoded/compressed=1.550x physical/compressed=19.166x source-reference=33.45 KiB
  ResolutionDepth: type=int16 configured=rle-dict metadata=PLAIN, RLE_DICTIONARY physical=39.06 KiB encoded=1.07 KiB compressed=734 B physical/encoded=36.563x encoded/compressed=1.490x physical/compressed=54.496x source-reference=19.35 KiB
  FlashMajor: type=int16 configured=rle-dict metadata=PLAIN, RLE_DICTIONARY physical=39.06 KiB encoded=1.16 KiB compressed=720 B physical/encoded=33.784x encoded/compressed=1.644x physical/compressed=55.556x source-reference=18.47 KiB
  FlashMinor: type=int16 configured=rle-dict metadata=PLAIN, RLE_DICTIONARY physical=39.06 KiB encoded=2.04 KiB compressed=1.20 KiB physical/encoded=19.111x encoded/compressed=1.704x physical/compressed=32.573x source-reference=11.51 KiB
  FlashMinor2: type=string configured=rle-dict metadata=PLAIN, RLE_DICTIONARY physical=36.30 KiB encoded=2.73 KiB compressed=1.65 KiB physical/encoded=13.304x encoded/compressed=1.651x physical/compressed=21.968x source-reference=36.30 KiB
  NetMajor: type=int16 configured=rle-dict metadata=PLAIN, RLE_DICTIONARY physical=39.06 KiB encoded=483 B compressed=361 B physical/encoded=82.816x encoded/compressed=1.338x physical/compressed=110.803x source-reference=9.77 KiB
  NetMinor: type=int16 configured=rle-dict metadata=PLAIN, RLE_DICTIONARY physical=39.06 KiB encoded=438 B compressed=334 B physical/encoded=91.324x encoded/compressed=1.311x physical/compressed=119.760x source-reference=9.77 KiB
  UserAgentMajor: type=int16 configured=rle-dict metadata=PLAIN, RLE_DICTIONARY physical=39.06 KiB encoded=2.74 KiB compressed=2.05 KiB physical/encoded=14.265x encoded/compressed=1.338x physical/compressed=19.093x source-reference=17.70 KiB
  UserAgentMinor: type=string configured=rle-dict metadata=PLAIN, RLE_DICTIONARY physical=36.06 KiB encoded=1.94 KiB compressed=1.25 KiB physical/encoded=18.595x encoded/compressed=1.554x physical/compressed=28.897x source-reference=36.24 KiB
  CookieEnable: type=int16 configured=rle-dict metadata=PLAIN, RLE_DICTIONARY physical=39.06 KiB encoded=232 B compressed=250 B physical/encoded=172.414x encoded/compressed=0.928x physical/compressed=160.000x source-reference=9.77 KiB
  JavascriptEnable: type=int16 configured=rle-dict metadata=PLAIN, RLE_DICTIONARY physical=39.06 KiB encoded=231 B compressed=249 B physical/encoded=173.160x encoded/compressed=0.928x physical/compressed=160.643x source-reference=9.77 KiB
  IsMobile: type=int16 configured=rle-dict metadata=PLAIN, RLE_DICTIONARY physical=39.06 KiB encoded=305 B compressed=323 B physical/encoded=131.148x encoded/compressed=0.944x physical/compressed=123.839x source-reference=9.77 KiB
  MobilePhone: type=int16 configured=rle-dict metadata=PLAIN, RLE_DICTIONARY physical=39.06 KiB encoded=355 B compressed=290 B physical/encoded=112.676x encoded/compressed=1.224x physical/compressed=137.931x source-reference=9.78 KiB
  MobilePhoneModel: type=string configured=rle-dict metadata=PLAIN, RLE_DICTIONARY physical=1.11 KiB encoded=216 B compressed=234 B physical/encoded=5.278x encoded/compressed=0.923x physical/compressed=4.872x source-reference=1.11 KiB
  Params: type=string configured=rle-dict metadata=PLAIN, RLE_DICTIONARY physical=0 B encoded=71 B compressed=89 B physical/encoded=0.000x encoded/compressed=0.798x physical/compressed=0.000x source-reference=0 B
  IPNetworkID: type=int32 configured=rle-dict metadata=PLAIN, RLE_DICTIONARY physical=39.06 KiB encoded=6.66 KiB compressed=5.92 KiB physical/encoded=5.866x encoded/compressed=1.126x physical/compressed=6.603x source-reference=66.92 KiB
  TraficSourceID: type=int16 configured=rle-dict metadata=PLAIN, RLE_DICTIONARY physical=39.06 KiB encoded=2.83 KiB compressed=1.92 KiB physical/encoded=13.812x encoded/compressed=1.477x physical/compressed=20.398x source-reference=17.23 KiB
  SearchEngineID: type=int16 configured=rle-dict metadata=PLAIN, RLE_DICTIONARY physical=39.06 KiB encoded=2.70 KiB compressed=1.19 KiB physical/encoded=14.477x encoded/compressed=2.276x physical/compressed=32.949x source-reference=9.93 KiB
  SearchPhrase: type=string configured=rle-dict metadata=PLAIN, RLE_DICTIONARY physical=63.72 KiB encoded=27.81 KiB compressed=11.10 KiB physical/encoded=2.291x encoded/compressed=2.506x physical/compressed=5.740x source-reference=63.72 KiB
  AdvEngineID: type=int16 configured=rle-dict metadata=PLAIN, RLE_DICTIONARY physical=39.06 KiB encoded=680 B compressed=461 B physical/encoded=58.824x encoded/compressed=1.475x physical/compressed=86.768x source-reference=9.90 KiB
  IsArtifical: type=int16 configured=rle-dict metadata=PLAIN, RLE_DICTIONARY physical=39.06 KiB encoded=1.32 KiB compressed=1.34 KiB physical/encoded=29.586x encoded/compressed=0.986x physical/compressed=29.176x source-reference=9.77 KiB
  WindowClientWidth: type=int16 configured=rle-dict metadata=PLAIN, RLE_DICTIONARY physical=39.06 KiB encoded=6.39 KiB compressed=4.03 KiB physical/encoded=6.112x encoded/compressed=1.585x physical/compressed=9.690x source-reference=36.81 KiB
  WindowClientHeight: type=int16 configured=rle-dict metadata=PLAIN, RLE_DICTIONARY physical=39.06 KiB encoded=6.71 KiB compressed=5.84 KiB physical/encoded=5.822x encoded/compressed=1.148x physical/compressed=6.686x source-reference=29.32 KiB
  ClientTimeZone: type=int16 configured=rle-dict metadata=PLAIN, RLE_DICTIONARY physical=39.06 KiB encoded=1.20 KiB compressed=741 B physical/encoded=32.573x encoded/compressed=1.657x physical/compressed=53.981x source-reference=29.11 KiB
  ClientEventTime: type=timestamp_millis configured=rle-dict metadata=PLAIN, RLE_DICTIONARY physical=78.12 KiB encoded=53.83 KiB compressed=31.55 KiB physical/encoded=1.451x encoded/compressed=1.706x physical/compressed=2.476x source-reference=185.55 KiB
  SilverlightVersion1: type=int16 configured=rle-dict metadata=PLAIN, RLE_DICTIONARY physical=39.06 KiB encoded=1.44 KiB compressed=840 B physical/encoded=27.045x encoded/compressed=1.761x physical/compressed=47.619x source-reference=9.78 KiB
  SilverlightVersion2: type=int16 configured=rle-dict metadata=PLAIN, RLE_DICTIONARY physical=39.06 KiB encoded=833 B compressed=558 B physical/encoded=48.019x encoded/compressed=1.493x physical/compressed=71.685x source-reference=9.77 KiB
  SilverlightVersion3: type=int32 configured=rle-dict metadata=PLAIN, RLE_DICTIONARY physical=39.06 KiB encoded=2.09 KiB compressed=1.21 KiB physical/encoded=18.674x encoded/compressed=1.730x physical/compressed=32.310x source-reference=25.88 KiB
  SilverlightVersion4: type=int16 configured=rle-dict metadata=PLAIN, RLE_DICTIONARY physical=39.06 KiB encoded=87 B compressed=105 B physical/encoded=459.770x encoded/compressed=0.829x physical/compressed=380.952x source-reference=9.77 KiB
  PageCharset: type=string configured=rle-dict metadata=PLAIN, RLE_DICTIONARY physical=191.93 KiB encoded=280 B compressed=298 B physical/encoded=701.929x encoded/compressed=0.940x physical/compressed=659.530x source-reference=191.93 KiB
  CodeVersion: type=int32 configured=rle-dict metadata=PLAIN, RLE_DICTIONARY physical=39.06 KiB encoded=231 B compressed=249 B physical/encoded=173.160x encoded/compressed=0.928x physical/compressed=160.643x source-reference=38.61 KiB
  IsLink: type=int16 configured=rle-dict metadata=PLAIN, RLE_DICTIONARY physical=39.06 KiB encoded=87 B compressed=105 B physical/encoded=459.770x encoded/compressed=0.829x physical/compressed=380.952x source-reference=9.77 KiB
  IsDownload: type=int16 configured=rle-dict metadata=PLAIN, RLE_DICTIONARY physical=39.06 KiB encoded=87 B compressed=105 B physical/encoded=459.770x encoded/compressed=0.829x physical/compressed=380.952x source-reference=9.77 KiB
  IsNotBounce: type=int16 configured=rle-dict metadata=PLAIN, RLE_DICTIONARY physical=39.06 KiB encoded=87 B compressed=105 B physical/encoded=459.770x encoded/compressed=0.829x physical/compressed=380.952x source-reference=9.77 KiB
  FUniqID: type=int64 configured=rle-dict metadata=PLAIN, RLE_DICTIONARY physical=78.12 KiB encoded=10.08 KiB compressed=9.14 KiB physical/encoded=7.752x encoded/compressed=1.102x physical/compressed=8.546x source-reference=172.71 KiB
  OriginalURL: type=string configured=rle-dict metadata=PLAIN, RLE_DICTIONARY physical=73.00 KiB encoded=31.57 KiB compressed=8.75 KiB physical/encoded=2.312x encoded/compressed=3.607x physical/compressed=8.341x source-reference=73.00 KiB
  HID: type=int32 configured=rle-dict metadata=PLAIN, RLE_DICTIONARY physical=39.06 KiB encoded=35.12 KiB compressed=35.14 KiB physical/encoded=1.112x encoded/compressed=0.999x physical/compressed=1.111x source-reference=86.33 KiB
  IsOldCounter: type=int16 configured=rle-dict metadata=PLAIN, RLE_DICTIONARY physical=39.06 KiB encoded=87 B compressed=105 B physical/encoded=459.770x encoded/compressed=0.829x physical/compressed=380.952x source-reference=9.77 KiB
  IsEvent: type=int16 configured=rle-dict metadata=PLAIN, RLE_DICTIONARY physical=39.06 KiB encoded=87 B compressed=105 B physical/encoded=459.770x encoded/compressed=0.829x physical/compressed=380.952x source-reference=9.77 KiB
  IsParameter: type=int16 configured=rle-dict metadata=PLAIN, RLE_DICTIONARY physical=39.06 KiB encoded=87 B compressed=105 B physical/encoded=459.770x encoded/compressed=0.829x physical/compressed=380.952x source-reference=9.77 KiB
  DontCountHits: type=int16 configured=rle-dict metadata=PLAIN, RLE_DICTIONARY physical=39.06 KiB encoded=194 B compressed=212 B physical/encoded=206.186x encoded/compressed=0.915x physical/compressed=188.679x source-reference=9.77 KiB
  WithHash: type=int16 configured=rle-dict metadata=PLAIN, RLE_DICTIONARY physical=39.06 KiB encoded=87 B compressed=105 B physical/encoded=459.770x encoded/compressed=0.829x physical/compressed=380.952x source-reference=9.77 KiB
  HitColor: type=string configured=rle-dict metadata=PLAIN, RLE_DICTIONARY physical=9.77 KiB encoded=121 B compressed=139 B physical/encoded=82.645x encoded/compressed=0.871x physical/compressed=71.942x source-reference=9.77 KiB
  LocalEventTime: type=timestamp_millis configured=rle-dict metadata=PLAIN, RLE_DICTIONARY physical=78.12 KiB encoded=57.15 KiB compressed=32.68 KiB physical/encoded=1.367x encoded/compressed=1.749x physical/compressed=2.390x source-reference=185.55 KiB
  Age: type=int16 configured=rle-dict metadata=PLAIN, RLE_DICTIONARY physical=39.06 KiB encoded=1.93 KiB compressed=1.34 KiB physical/encoded=20.192x encoded/compressed=1.445x physical/compressed=29.176x source-reference=17.00 KiB
  Sex: type=int16 configured=rle-dict metadata=PLAIN, RLE_DICTIONARY physical=39.06 KiB encoded=1.40 KiB compressed=935 B physical/encoded=27.913x encoded/compressed=1.533x physical/compressed=42.781x source-reference=9.77 KiB
  Income: type=int16 configured=rle-dict metadata=PLAIN, RLE_DICTIONARY physical=39.06 KiB encoded=1.44 KiB compressed=981 B physical/encoded=27.137x encoded/compressed=1.503x physical/compressed=40.775x source-reference=9.77 KiB
  Interests: type=int16 configured=rle-dict metadata=PLAIN, RLE_DICTIONARY physical=39.06 KiB encoded=4.45 KiB compressed=2.82 KiB physical/encoded=8.780x encoded/compressed=1.579x physical/compressed=13.865x source-reference=22.04 KiB
  Robotness: type=int16 configured=rle-dict metadata=PLAIN, RLE_DICTIONARY physical=39.06 KiB encoded=3.79 KiB compressed=2.70 KiB physical/encoded=10.312x encoded/compressed=1.404x physical/compressed=14.482x source-reference=13.53 KiB
  RemoteIP: type=int32 configured=rle-dict metadata=PLAIN, RLE_DICTIONARY physical=39.06 KiB encoded=8.08 KiB compressed=7.12 KiB physical/encoded=4.836x encoded/compressed=1.135x physical/compressed=5.488x source-reference=97.86 KiB
  WindowName: type=int32 configured=rle-dict metadata=PLAIN, RLE_DICTIONARY physical=39.06 KiB encoded=106 B compressed=124 B physical/encoded=377.358x encoded/compressed=0.855x physical/compressed=322.581x source-reference=19.54 KiB
  OpenerName: type=int32 configured=rle-dict metadata=PLAIN, RLE_DICTIONARY physical=39.06 KiB encoded=87 B compressed=105 B physical/encoded=459.770x encoded/compressed=0.829x physical/compressed=380.952x source-reference=19.53 KiB
  HistoryLength: type=int16 configured=rle-dict metadata=PLAIN, RLE_DICTIONARY physical=39.06 KiB encoded=99 B compressed=117 B physical/encoded=404.040x encoded/compressed=0.846x physical/compressed=341.880x source-reference=19.53 KiB
  BrowserLanguage: type=string configured=rle-dict metadata=PLAIN, RLE_DICTIONARY physical=19.68 KiB encoded=432 B compressed=353 B physical/encoded=46.657x encoded/compressed=1.224x physical/compressed=57.099x source-reference=19.68 KiB
  BrowserCountry: type=string configured=rle-dict metadata=PLAIN, RLE_DICTIONARY physical=31.67 KiB encoded=1.07 KiB compressed=653 B physical/encoded=29.589x encoded/compressed=1.678x physical/compressed=49.663x source-reference=37.74 KiB
  SocialNetwork: type=string configured=rle-dict metadata=PLAIN, RLE_DICTIONARY physical=0 B encoded=71 B compressed=89 B physical/encoded=0.000x encoded/compressed=0.798x physical/compressed=0.000x source-reference=0 B
  SocialAction: type=string configured=rle-dict metadata=PLAIN, RLE_DICTIONARY physical=0 B encoded=71 B compressed=89 B physical/encoded=0.000x encoded/compressed=0.798x physical/compressed=0.000x source-reference=0 B
  HTTPError: type=int16 configured=rle-dict metadata=PLAIN, RLE_DICTIONARY physical=39.06 KiB encoded=87 B compressed=105 B physical/encoded=459.770x encoded/compressed=0.829x physical/compressed=380.952x source-reference=9.77 KiB
  SendTiming: type=int32 configured=rle-dict metadata=PLAIN, RLE_DICTIONARY physical=39.06 KiB encoded=87 B compressed=105 B physical/encoded=459.770x encoded/compressed=0.829x physical/compressed=380.952x source-reference=9.77 KiB
  DNSTiming: type=int32 configured=rle-dict metadata=PLAIN, RLE_DICTIONARY physical=39.06 KiB encoded=2.10 KiB compressed=1.09 KiB physical/encoded=18.587x encoded/compressed=1.934x physical/compressed=35.939x source-reference=9.89 KiB
  ConnectTiming: type=int32 configured=rle-dict metadata=PLAIN, RLE_DICTIONARY physical=39.06 KiB encoded=3.80 KiB compressed=1.95 KiB physical/encoded=10.267x encoded/compressed=1.947x physical/compressed=19.990x source-reference=10.25 KiB
  ResponseStartTiming: type=int32 configured=rle-dict metadata=PLAIN, RLE_DICTIONARY physical=39.06 KiB encoded=12.93 KiB compressed=9.49 KiB physical/encoded=3.021x encoded/compressed=1.363x physical/compressed=4.116x source-reference=15.70 KiB
  ResponseEndTiming: type=int32 configured=rle-dict metadata=PLAIN, RLE_DICTIONARY physical=39.06 KiB encoded=11.59 KiB compressed=7.73 KiB physical/encoded=3.370x encoded/compressed=1.501x physical/compressed=5.056x source-reference=13.57 KiB
  FetchTiming: type=int32 configured=rle-dict metadata=PLAIN, RLE_DICTIONARY physical=39.06 KiB encoded=10.31 KiB compressed=5.95 KiB physical/encoded=3.788x encoded/compressed=1.732x physical/compressed=6.562x source-reference=11.57 KiB
  SocialSourceNetworkID: type=int16 configured=rle-dict metadata=PLAIN, RLE_DICTIONARY physical=39.06 KiB encoded=102 B compressed=120 B physical/encoded=392.157x encoded/compressed=0.850x physical/compressed=333.333x source-reference=9.77 KiB
  SocialSourcePage: type=string configured=rle-dict metadata=PLAIN, RLE_DICTIONARY physical=42 B encoded=102 B compressed=120 B physical/encoded=0.412x encoded/compressed=0.850x physical/compressed=0.350x source-reference=42 B
  ParamPrice: type=int64 configured=rle-dict metadata=PLAIN, RLE_DICTIONARY physical=78.12 KiB encoded=107 B compressed=125 B physical/encoded=747.664x encoded/compressed=0.856x physical/compressed=640.000x source-reference=9.77 KiB
  ParamOrderID: type=string configured=rle-dict metadata=PLAIN, RLE_DICTIONARY physical=0 B encoded=71 B compressed=89 B physical/encoded=0.000x encoded/compressed=0.798x physical/compressed=0.000x source-reference=0 B
  ParamCurrency: type=string configured=rle-dict metadata=PLAIN, RLE_DICTIONARY physical=29.30 KiB encoded=86 B compressed=104 B physical/encoded=348.837x encoded/compressed=0.827x physical/compressed=288.462x source-reference=29.30 KiB
  ParamCurrencyID: type=int16 configured=rle-dict metadata=PLAIN, RLE_DICTIONARY physical=39.06 KiB encoded=87 B compressed=105 B physical/encoded=459.770x encoded/compressed=0.829x physical/compressed=380.952x source-reference=9.77 KiB
  OpenstatServiceName: type=string configured=rle-dict metadata=PLAIN, RLE_DICTIONARY physical=560 B encoded=202 B compressed=220 B physical/encoded=2.772x encoded/compressed=0.918x physical/compressed=2.545x source-reference=560 B
  OpenstatCampaignID: type=string configured=rle-dict metadata=PLAIN, RLE_DICTIONARY physical=272 B encoded=213 B compressed=231 B physical/encoded=1.277x encoded/compressed=0.922x physical/compressed=1.177x source-reference=272 B
  OpenstatAdID: type=string configured=rle-dict metadata=PLAIN, RLE_DICTIONARY physical=358 B encoded=340 B compressed=288 B physical/encoded=1.053x encoded/compressed=1.181x physical/compressed=1.243x source-reference=358 B
  OpenstatSourceID: type=string configured=rle-dict metadata=PLAIN, RLE_DICTIONARY physical=692 B encoded=250 B compressed=268 B physical/encoded=2.768x encoded/compressed=0.933x physical/compressed=2.582x source-reference=692 B
  UTMSource: type=string configured=rle-dict metadata=PLAIN, RLE_DICTIONARY physical=1.58 KiB encoded=509 B compressed=379 B physical/encoded=3.185x encoded/compressed=1.343x physical/compressed=4.277x source-reference=1.58 KiB
  UTMMedium: type=string configured=rle-dict metadata=PLAIN, RLE_DICTIONARY physical=502 B encoded=377 B compressed=307 B physical/encoded=1.332x encoded/compressed=1.228x physical/compressed=1.635x source-reference=502 B
  UTMCampaign: type=string configured=rle-dict metadata=PLAIN, RLE_DICTIONARY physical=3.23 KiB encoded=637 B compressed=491 B physical/encoded=5.187x encoded/compressed=1.297x physical/compressed=6.729x source-reference=3.23 KiB
  UTMContent: type=string configured=rle-dict metadata=PLAIN, RLE_DICTIONARY physical=474 B encoded=203 B compressed=221 B physical/encoded=2.335x encoded/compressed=0.919x physical/compressed=2.145x source-reference=474 B
  UTMTerm: type=string configured=rle-dict metadata=PLAIN, RLE_DICTIONARY physical=1.26 KiB encoded=288 B compressed=306 B physical/encoded=4.472x encoded/compressed=0.941x physical/compressed=4.209x source-reference=1.26 KiB
  FromTag: type=string configured=rle-dict metadata=PLAIN, RLE_DICTIONARY physical=0 B encoded=71 B compressed=89 B physical/encoded=0.000x encoded/compressed=0.798x physical/compressed=0.000x source-reference=0 B
  HasGCLID: type=int16 configured=rle-dict metadata=PLAIN, RLE_DICTIONARY physical=39.06 KiB encoded=398 B compressed=418 B physical/encoded=100.503x encoded/compressed=0.952x physical/compressed=95.694x source-reference=9.77 KiB
  RefererHash: type=int64 configured=rle-dict metadata=PLAIN, RLE_DICTIONARY physical=78.12 KiB encoded=32.24 KiB compressed=29.12 KiB physical/encoded=2.423x encoded/compressed=1.107x physical/compressed=2.683x source-reference=188.51 KiB
  URLHash: type=int64 configured=rle-dict metadata=PLAIN, RLE_DICTIONARY physical=78.12 KiB encoded=35.87 KiB compressed=34.45 KiB physical/encoded=2.178x encoded/compressed=1.041x physical/compressed=2.268x source-reference=188.68 KiB
  CLID: type=int32 configured=rle-dict metadata=PLAIN, RLE_DICTIONARY physical=39.06 KiB encoded=87 B compressed=105 B physical/encoded=459.770x encoded/compressed=0.829x physical/compressed=380.952x source-reference=9.77 KiB
  encoding_experiment/page-256kib-rgsize-10mib-file-10mib-dictpage-256kib/10000_rows/parquet/page_encoding_distribution/rle-dict-zstd/part-00000.parquet: 10000 rows, file=751.28 KiB, physical=7.35 MiB, encoded=1.56 MiB, compressed-data=734.18 KiB
